Using pre-set license
Built from '2022.2/staging' branch; Version is '2022.2.6f1 (10bfa6201ced) revision 1097638'; Using compiler version '192829333'; Build Type 'Release'
OS: 'Windows 11  (10.0.22621) 64bit CoreCountrySpecific' Language: 'zh' Physical Memory: 16108 MB
BatchMode: 1, IsHumanControllingUs: 0, StartBugReporterOnCrash: 0, Is64bit: 1, IsPro: 1

COMMAND LINE ARGUMENTS:
D:\unity\2022.2.6f1\Editor\Unity.exe
-adb2
-batchMode
-noUpm
-name
AssetImportWorker6
-projectPath
D:/31263Assessment3-Penghuan/Assessment3
-logFile
Logs/AssetImportWorker6.log
-srvPort
62419
Successfully changed project path to: D:/31263Assessment3-Penghuan/Assessment3
D:/31263Assessment3-Penghuan/Assessment3
[UnityMemory] Configuration Parameters - Can be set up in boot.config
    "memorysetup-bucket-allocator-granularity=16"
    "memorysetup-bucket-allocator-bucket-count=8"
    "memorysetup-bucket-allocator-block-size=33554432"
    "memorysetup-bucket-allocator-block-count=8"
    "memorysetup-main-allocator-block-size=16777216"
    "memorysetup-thread-allocator-block-size=16777216"
    "memorysetup-gfx-main-allocator-block-size=16777216"
    "memorysetup-gfx-thread-allocator-block-size=16777216"
    "memorysetup-cache-allocator-block-size=4194304"
    "memorysetup-typetree-allocator-block-size=2097152"
    "memorysetup-profiler-bucket-allocator-granularity=16"
    "memorysetup-profiler-bucket-allocator-bucket-count=8"
    "memorysetup-profiler-bucket-allocator-block-size=33554432"
    "memorysetup-profiler-bucket-allocator-block-count=8"
    "memorysetup-profiler-allocator-block-size=16777216"
    "memorysetup-profiler-editor-allocator-block-size=1048576"
    "memorysetup-temp-allocator-size-main=16777216"
    "memorysetup-job-temp-allocator-block-size=2097152"
    "memorysetup-job-temp-allocator-block-size-background=1048576"
    "memorysetup-job-temp-allocator-reduction-small-platforms=262144"
    "memorysetup-temp-allocator-size-background-worker=32768"
    "memorysetup-temp-allocator-size-job-worker=262144"
    "memorysetup-temp-allocator-size-preload-manager=33554432"
    "memorysetup-temp-allocator-size-nav-mesh-worker=65536"
    "memorysetup-temp-allocator-size-audio-worker=65536"
    "memorysetup-temp-allocator-size-cloud-worker=32768"
    "memorysetup-temp-allocator-size-gi-baking-worker=262144"
    "memorysetup-temp-allocator-size-gfx=262144"
Player connection [111440] Host "[IP] 192.168.1.100 [Port] 0 [Flags] 2 [Guid] 661414811 [EditorId] 661414811 [Version] 1048832 [Id] WindowsEditor(7,ivan0701) [Debug] 1 [PackageName] WindowsEditor [ProjectName] Editor" joined multi-casting on [225.0.0.222:54997]...

Player connection [111440] Host "[IP] 192.168.1.100 [Port] 0 [Flags] 2 [Guid] 661414811 [EditorId] 661414811 [Version] 1048832 [Id] WindowsEditor(7,ivan0701) [Debug] 1 [PackageName] WindowsEditor [ProjectName] Editor" joined alternative multi-casting on [225.0.0.222:34997]...

Refreshing native plugins compatible for Editor in 7.45 ms, found 4 plugins.
Preloading 0 native plugins for Editor in 0.00 ms.
Initialize engine version: 2022.2.6f1 (10bfa6201ced)
[Subsystems] Discovering subsystems at path D:/unity/2022.2.6f1/Editor/Data/Resources/UnitySubsystems
[Subsystems] Discovering subsystems at path D:/31263Assessment3-Penghuan/Assessment3/Assets
GfxDevice: creating device client; threaded=0; jobified=0
Direct3D:
    Version:  Direct3D 11.0 [level 11.1]
    Renderer: NVIDIA GeForce RTX 3060 Laptop GPU (ID=0x2560)
    Vendor:   NVIDIA
    VRAM:     6023 MB
    Driver:   31.0.15.1700
Initialize mono
Mono path[0] = 'D:/unity/2022.2.6f1/Editor/Data/Managed'
Mono path[1] = 'D:/unity/2022.2.6f1/Editor/Data/MonoBleedingEdge/lib/mono/unityjit-win32'
Mono config path = 'D:/unity/2022.2.6f1/Editor/Data/MonoBleedingEdge/etc'
Using monoOptions --debugger-agent=transport=dt_socket,embedding=1,server=y,suspend=n,address=127.0.0.1:56588
Begin MonoManager ReloadAssembly
Registering precompiled unity dll's ...
Register platform support module: D:/unity/2022.2.6f1/Editor/Data/PlaybackEngines/WindowsStandaloneSupport/UnityEditor.WindowsStandalone.Extensions.dll
Registered in 0.003177 seconds.
- Loaded All Assemblies, in  0.250 seconds
Native extension for WindowsStandalone target not found
Mono: successfully reloaded assembly
- Finished resetting the current domain, in  0.200 seconds
Domain Reload Profiling:
	ReloadAssembly (159ms)
		BeginReloadAssembly (81ms)
			ExecutionOrderSort (0ms)
			DisableScriptedObjects (0ms)
			BackupInstance (0ms)
			ReleaseScriptingObjects (0ms)
			CreateAndSetChildDomain (1ms)
		LoadAllAssembliesAndSetupDomain (0ms)
			LoadAssemblies (81ms)
			RebuildTransferFunctionScriptingTraits (0ms)
			SetupTypeCache (89ms)
				TypeCache.Initialize (88ms)
					TypeCache.ScanAssembly (87ms)
				ResolveRequiredComponents (0ms)
		FinalizeReload (0ms)
			ReleaseScriptCaches (0ms)
			RebuildScriptCaches (0ms)
			SetupLoadedEditorAssemblies (154ms)
				LogAssemblyErrors (0ms)
				InitializePlatformSupportModulesInManaged (6ms)
				SetLoadedEditorAssemblies (6ms)
				RefreshPlugins (0ms)
				BeforeProcessingInitializeOnLoad (1ms)
				ProcessInitializeOnLoadAttributes (101ms)
				ProcessInitializeOnLoadMethodAttributes (41ms)
				AfterProcessingInitializeOnLoad (0ms)
				EditorAssembliesLoaded (0ms)
			ExecutionOrderSort2 (0ms)
			AwakeInstancesAfterBackupRestoration (0ms)
========================================================================
Worker process is ready to serve import requests
Begin MonoManager ReloadAssembly
Symbol file LoadedFromMemory doesn't match image D:\31263Assessment3-Penghuan\Assessment3\Library\PackageCache\com.unity.visualscripting@1.8.0\Editor\VisualScripting.Core\Dependencies\YamlDotNet\Unity.VisualScripting.YamlDotNet.dll
Symbol file LoadedFromMemory doesn't match image D:\31263Assessment3-Penghuan\Assessment3\Library\PackageCache\com.unity.visualscripting@1.8.0\Editor\VisualScripting.Core\Dependencies\DotNetZip\Unity.VisualScripting.IonicZip.dll
- Loaded All Assemblies, in  0.673 seconds
Refreshing native plugins compatible for Editor in 2.45 ms, found 4 plugins.
Native extension for WindowsStandalone target not found
Mono: successfully reloaded assembly
- Finished resetting the current domain, in  0.432 seconds
Domain Reload Profiling:
	ReloadAssembly (159ms)
		BeginReloadAssembly (95ms)
			ExecutionOrderSort (0ms)
			DisableScriptedObjects (4ms)
			BackupInstance (0ms)
			ReleaseScriptingObjects (0ms)
			CreateAndSetChildDomain (17ms)
		LoadAllAssembliesAndSetupDomain (514ms)
			LoadAssemblies (195ms)
			RebuildTransferFunctionScriptingTraits (0ms)
			SetupTypeCache (367ms)
				TypeCache.Initialize (182ms)
					TypeCache.ScanAssembly (179ms)
				ResolveRequiredComponents (6ms)
		FinalizeReload (0ms)
			ReleaseScriptCaches (0ms)
			RebuildScriptCaches (0ms)
			SetupLoadedEditorAssemblies (284ms)
				LogAssemblyErrors (0ms)
				InitializePlatformSupportModulesInManaged (3ms)
				SetLoadedEditorAssemblies (4ms)
				RefreshPlugins (0ms)
				BeforeProcessingInitializeOnLoad (50ms)
				ProcessInitializeOnLoadAttributes (200ms)
				ProcessInitializeOnLoadMethodAttributes (25ms)
				AfterProcessingInitializeOnLoad (2ms)
				EditorAssembliesLoaded (0ms)
			ExecutionOrderSort2 (0ms)
			AwakeInstancesAfterBackupRestoration (8ms)
Launched and connected shader compiler UnityShaderCompiler.exe after 0.07 seconds
Refreshing native plugins compatible for Editor in 2.24 ms, found 4 plugins.
Preloading 0 native plugins for Editor in 0.00 ms.
Unloading 3983 Unused Serialized files (Serialized files now loaded: 0)
Unloading 37 unused Assets / (70.3 KB). Loaded Objects now: 4443.
Memory consumption went from 0.60 GB to 0.60 GB.
Total: 2.931100 ms (FindLiveObjects: 0.267200 ms CreateObjectMapping: 0.143200 ms MarkObjects: 2.407300 ms  DeleteObjects: 0.112300 ms)

AssetImportParameters requested are different than current active one (requested -> active):
  custom:container-demuxer-ogg: 62fdf1f143b41e24485cea50d1cbac27 -> 
  custom:video-codec-MediaFoundation-h265: 746d11721c4dcdbdad8f713fa42b33f4 -> 
  custom:video-decoder-ogg-theora: a1e56fd34408186e4bbccfd4996cb3dc -> 
  custom:framework-win-MediaFoundation: 216162199b28c13a410421893ffa2e32 -> 
  custom:container-demuxer-webm: 4f35f7cbe854078d1ac9338744f61a02 -> 
  custom:container-muxer-webm: aa71ff27fc2769a1b78a27578f13a17b -> 
  custom:video-decoder-webm-vp8: 9c59270c3fd7afecdb556c50c9e8de78 -> 
  custom:AudioImporter_EditorPlatform: d09bf68614088b80899f8185d706f6e7 -> 
  custom:video-encoder-webm-vp8: eb34c28f22e8b96e1ab97ce403110664 -> 
  custom:audio-decoder-ogg-vorbis: bf7c407c2cedff20999df2af8eb42d56 -> 
  custom:audio-encoder-webm-vorbis: bf7c407c2cedff20999df2af8eb42d56 -> 
========================================================================
Received Import Request.
  Time since last request: 138161.645603 seconds.
  path: Assets/CasualGameSounds/DM-CGS-35.wav
  artifactKey: Guid(89e6bc608da7b47d4914f3d9c2484e48) Importer(815301076,1909f56bfc062723c751e8b465ee728b)
Start importing Assets/CasualGameSounds/DM-CGS-35.wav using Guid(89e6bc608da7b47d4914f3d9c2484e48) Importer(815301076,1909f56bfc062723c751e8b465ee728b)  -> (artifact id: '0f31388fbc1bfdf4b35b588c4bd24887') in 0.085781 seconds 
Number of updated asset objects reloaded before import = 0
Number of asset objects unloaded after import = 2
========================================================================
Received Import Request.
  Time since last request: 2.168102 seconds.
  path: Assets/CasualGameSounds/DM-CGS-43.wav
  artifactKey: Guid(4b4dd7245f6104c8c8eb07ccf6b386ed) Importer(815301076,1909f56bfc062723c751e8b465ee728b)
Start importing Assets/CasualGameSounds/DM-CGS-43.wav using Guid(4b4dd7245f6104c8c8eb07ccf6b386ed) Importer(815301076,1909f56bfc062723c751e8b465ee728b)  -> (artifact id: '060dff74893f1562868fcd0dcd60c74d') in 0.016301 seconds 
Number of updated asset objects reloaded before import = 0
Number of asset objects unloaded after import = 2
========================================================================
Received Import Request.
  Time since last request: 0.000810 seconds.
  path: Assets/CasualGameSounds/DM-CGS-47.wav
  artifactKey: Guid(d46323e22e74e46baa241cbf48c85671) Importer(815301076,1909f56bfc062723c751e8b465ee728b)
Start importing Assets/CasualGameSounds/DM-CGS-47.wav using Guid(d46323e22e74e46baa241cbf48c85671) Importer(815301076,1909f56bfc062723c751e8b465ee728b)  -> (artifact id: 'a6702d9c4b93d016e2a188be93233f1d') in 0.017475 seconds 
Number of updated asset objects reloaded before import = 0
Number of asset objects unloaded after import = 2
========================================================================
Received Import Request.
  Time since last request: 12.361441 seconds.
  path: Assets/Game Sound Solutions - 8 bits Elements/ramdomize/randomize_1.wav
  artifactKey: Guid(bbce345a2fbbc40dc85c632ba20add83) Importer(815301076,1909f56bfc062723c751e8b465ee728b)
Start importing Assets/Game Sound Solutions - 8 bits Elements/ramdomize/randomize_1.wav using Guid(bbce345a2fbbc40dc85c632ba20add83) Importer(815301076,1909f56bfc062723c751e8b465ee728b)  -> (artifact id: '8df83c3c47a29980fbeb99ae276f1542') in 0.019267 seconds 
Number of updated asset objects reloaded before import = 0
Number of asset objects unloaded after import = 2
========================================================================
Received Import Request.
  Time since last request: 0.003116 seconds.
  path: Assets/Game Sound Solutions - 8 bits Elements/ramdomize/randomize_5.wav
  artifactKey: Guid(93fc9e2ebd7b8485dac10e43aa444b8d) Importer(815301076,1909f56bfc062723c751e8b465ee728b)
Start importing Assets/Game Sound Solutions - 8 bits Elements/ramdomize/randomize_5.wav using Guid(93fc9e2ebd7b8485dac10e43aa444b8d) Importer(815301076,1909f56bfc062723c751e8b465ee728b)  -> (artifact id: '9c5060179d761ceea6e6a90412197ed6') in 0.020047 seconds 
Number of updated asset objects reloaded before import = 0
Number of asset objects unloaded after import = 2
========================================================================
Received Import Request.
  Time since last request: 0.005497 seconds.
  path: Assets/Game Sound Solutions - 8 bits Elements/ramdomize/randomize_9.wav
  artifactKey: Guid(4878b1aee21b147fbbde852f37fca48f) Importer(815301076,1909f56bfc062723c751e8b465ee728b)
Start importing Assets/Game Sound Solutions - 8 bits Elements/ramdomize/randomize_9.wav using Guid(4878b1aee21b147fbbde852f37fca48f) Importer(815301076,1909f56bfc062723c751e8b465ee728b)  -> (artifact id: 'b5c33747ac9713b13ffa187710a9a394') in 0.014008 seconds 
Number of updated asset objects reloaded before import = 0
Number of asset objects unloaded after import = 2
========================================================================
Received Import Request.
  Time since last request: 0.007722 seconds.
  path: Assets/Game Sound Solutions - 8 bits Elements/ramdomize/randomize_14.wav
  artifactKey: Guid(798eca7d986884dd586f4840272b708b) Importer(815301076,1909f56bfc062723c751e8b465ee728b)
Start importing Assets/Game Sound Solutions - 8 bits Elements/ramdomize/randomize_14.wav using Guid(798eca7d986884dd586f4840272b708b) Importer(815301076,1909f56bfc062723c751e8b465ee728b)  -> (artifact id: 'f9e09123422f7cccaf9ad3a1b1b2d6c2') in 0.017101 seconds 
Number of updated asset objects reloaded before import = 0
Number of asset objects unloaded after import = 2
========================================================================
Received Import Request.
  Time since last request: 9.645163 seconds.
  path: Assets/Game Sound Solutions - 8 bits Elements/powerup/powerup_2.wav
  artifactKey: Guid(6a1c983933aa94661a32c78db2888ae5) Importer(815301076,1909f56bfc062723c751e8b465ee728b)
Start importing Assets/Game Sound Solutions - 8 bits Elements/powerup/powerup_2.wav using Guid(6a1c983933aa94661a32c78db2888ae5) Importer(815301076,1909f56bfc062723c751e8b465ee728b)  -> (artifact id: '93c23a0d36a781ca0fc4dc3696e7b5e0') in 0.017901 seconds 
Number of updated asset objects reloaded before import = 0
Number of asset objects unloaded after import = 2
========================================================================
Received Import Request.
  Time since last request: 0.002205 seconds.
  path: Assets/Game Sound Solutions - 8 bits Elements/powerup/powerup_6.wav
  artifactKey: Guid(6f686c78626574f5491aaf5f58b54b3e) Importer(815301076,1909f56bfc062723c751e8b465ee728b)
Start importing Assets/Game Sound Solutions - 8 bits Elements/powerup/powerup_6.wav using Guid(6f686c78626574f5491aaf5f58b54b3e) Importer(815301076,1909f56bfc062723c751e8b465ee728b)  -> (artifact id: '10f3e24b1e35e0b86888a2024db13407') in 0.016443 seconds 
Number of updated asset objects reloaded before import = 0
Number of asset objects unloaded after import = 2
========================================================================
Received Import Request.
  Time since last request: 0.003554 seconds.
  path: Assets/Game Sound Solutions - 8 bits Elements/powerup/powerup_10.wav
  artifactKey: Guid(f8b332255e432466bbea7faf598190d0) Importer(815301076,1909f56bfc062723c751e8b465ee728b)
Start importing Assets/Game Sound Solutions - 8 bits Elements/powerup/powerup_10.wav using Guid(f8b332255e432466bbea7faf598190d0) Importer(815301076,1909f56bfc062723c751e8b465ee728b)  -> (artifact id: '3bc5edb3e8bc873615d7df0337f22170') in 0.017534 seconds 
Number of updated asset objects reloaded before import = 0
Number of asset objects unloaded after import = 2
========================================================================
Received Import Request.
  Time since last request: 0.000997 seconds.
  path: Assets/Game Sound Solutions - 8 bits Elements/powerup/powerup_13.wav
  artifactKey: Guid(62f3641b42e3f4dc9b50143f71c892b3) Importer(815301076,1909f56bfc062723c751e8b465ee728b)
Start importing Assets/Game Sound Solutions - 8 bits Elements/powerup/powerup_13.wav using Guid(62f3641b42e3f4dc9b50143f71c892b3) Importer(815301076,1909f56bfc062723c751e8b465ee728b)  -> (artifact id: '99a5cfe84830b0a9c7f2badfb3184792') in 0.017380 seconds 
Number of updated asset objects reloaded before import = 0
Number of asset objects unloaded after import = 2
========================================================================
Received Import Request.
  Time since last request: 0.004579 seconds.
  path: Assets/Game Sound Solutions - 8 bits Elements/powerup/powerup_17.wav
  artifactKey: Guid(44bce2ded923142089b513b9f39f1966) Importer(815301076,1909f56bfc062723c751e8b465ee728b)
Start importing Assets/Game Sound Solutions - 8 bits Elements/powerup/powerup_17.wav using Guid(44bce2ded923142089b513b9f39f1966) Importer(815301076,1909f56bfc062723c751e8b465ee728b)  -> (artifact id: '15fe784e01155e3c884c554397f68086') in 0.015553 seconds 
Number of updated asset objects reloaded before import = 0
Number of asset objects unloaded after import = 2
========================================================================
Received Import Request.
  Time since last request: 0.004643 seconds.
  path: Assets/Game Sound Solutions - 8 bits Elements/powerup/powerup_21.wav
  artifactKey: Guid(5226d043dce3d43e2ac3ee83f3e28187) Importer(815301076,1909f56bfc062723c751e8b465ee728b)
Start importing Assets/Game Sound Solutions - 8 bits Elements/powerup/powerup_21.wav using Guid(5226d043dce3d43e2ac3ee83f3e28187) Importer(815301076,1909f56bfc062723c751e8b465ee728b)  -> (artifact id: '748b9d235c9b874879d715e11e8649bc') in 0.017777 seconds 
Number of updated asset objects reloaded before import = 0
Number of asset objects unloaded after import = 2
========================================================================
Received Import Request.
  Time since last request: 0.003313 seconds.
  path: Assets/Game Sound Solutions - 8 bits Elements/powerup/powerup_25.wav
  artifactKey: Guid(2316c99e950894feca18abcaf5559792) Importer(815301076,1909f56bfc062723c751e8b465ee728b)
Start importing Assets/Game Sound Solutions - 8 bits Elements/powerup/powerup_25.wav using Guid(2316c99e950894feca18abcaf5559792) Importer(815301076,1909f56bfc062723c751e8b465ee728b)  -> (artifact id: '84b8b062eca17913d74e7baf5b4e2793') in 0.016274 seconds 
Number of updated asset objects reloaded before import = 0
Number of asset objects unloaded after import = 2
========================================================================
Received Import Request.
  Time since last request: 0.002973 seconds.
  path: Assets/Game Sound Solutions - 8 bits Elements/powerup/powerup_29.wav
  artifactKey: Guid(736bd90352f8342c8be2170e1f273240) Importer(815301076,1909f56bfc062723c751e8b465ee728b)
Start importing Assets/Game Sound Solutions - 8 bits Elements/powerup/powerup_29.wav using Guid(736bd90352f8342c8be2170e1f273240) Importer(815301076,1909f56bfc062723c751e8b465ee728b)  -> (artifact id: '3ce5fd452e8f377535847fc72af26fbe') in 0.016813 seconds 
Number of updated asset objects reloaded before import = 0
Number of asset objects unloaded after import = 2
========================================================================
Received Import Request.
  Time since last request: 0.002145 seconds.
  path: Assets/Game Sound Solutions - 8 bits Elements/powerup/powerup_33.wav
  artifactKey: Guid(650e8ac8f89444c97a44161f4555272d) Importer(815301076,1909f56bfc062723c751e8b465ee728b)
Start importing Assets/Game Sound Solutions - 8 bits Elements/powerup/powerup_33.wav using Guid(650e8ac8f89444c97a44161f4555272d) Importer(815301076,1909f56bfc062723c751e8b465ee728b)  -> (artifact id: '317ad59baac463c77dfd400ea152b8da') in 0.016305 seconds 
Number of updated asset objects reloaded before import = 0
Number of asset objects unloaded after import = 2
========================================================================
Received Import Request.
  Time since last request: 14.157862 seconds.
  path: Assets/Game Sound Solutions - 8 bits Elements/OTHER SOUND PACK DEMO/Zombie Voices Demo/super_zombie_attack_2.wav
  artifactKey: Guid(94ca23f7b7d4546d1b0e14ed723950a3) Importer(815301076,1909f56bfc062723c751e8b465ee728b)
Start importing Assets/Game Sound Solutions - 8 bits Elements/OTHER SOUND PACK DEMO/Zombie Voices Demo/super_zombie_attack_2.wav using Guid(94ca23f7b7d4546d1b0e14ed723950a3) Importer(815301076,1909f56bfc062723c751e8b465ee728b)  -> (artifact id: '46b3988fef104cde3bbbce7c8d027231') in 0.024869 seconds 
Number of updated asset objects reloaded before import = 0
Number of asset objects unloaded after import = 2
========================================================================
Received Import Request.
  Time since last request: 9.150953 seconds.
  path: Assets/Game Sound Solutions - 8 bits Elements/OTHER SOUND PACK DEMO/Voices Expressions Demo/Awesome.wav
  artifactKey: Guid(ab20914f6bbd14be592f5f0c8316c683) Importer(815301076,1909f56bfc062723c751e8b465ee728b)
Start importing Assets/Game Sound Solutions - 8 bits Elements/OTHER SOUND PACK DEMO/Voices Expressions Demo/Awesome.wav using Guid(ab20914f6bbd14be592f5f0c8316c683) Importer(815301076,1909f56bfc062723c751e8b465ee728b)  -> (artifact id: 'bd5c3ead2da16651c3dfd64391b34a84') in 0.016401 seconds 
Number of updated asset objects reloaded before import = 0
Number of asset objects unloaded after import = 2
========================================================================
Received Import Request.
  Time since last request: 0.002338 seconds.
  path: Assets/Game Sound Solutions - 8 bits Elements/OTHER SOUND PACK DEMO/Voices Expressions Demo/Fantastic.wav
  artifactKey: Guid(1cec7f6a44e4b45e5bdb133d15d76449) Importer(815301076,1909f56bfc062723c751e8b465ee728b)
Start importing Assets/Game Sound Solutions - 8 bits Elements/OTHER SOUND PACK DEMO/Voices Expressions Demo/Fantastic.wav using Guid(1cec7f6a44e4b45e5bdb133d15d76449) Importer(815301076,1909f56bfc062723c751e8b465ee728b)  -> (artifact id: 'b0588891af7e2c431e1445d21b9c415e') in 0.014765 seconds 
Number of updated asset objects reloaded before import = 0
Number of asset objects unloaded after import = 2
========================================================================
Received Import Request.
  Time since last request: 0.002928 seconds.
  path: Assets/Game Sound Solutions - 8 bits Elements/OTHER SOUND PACK DEMO/Voices Expressions Demo/Incredible_1.wav
  artifactKey: Guid(840807a8b6eaf42fba810460eaf0e59b) Importer(815301076,1909f56bfc062723c751e8b465ee728b)
Start importing Assets/Game Sound Solutions - 8 bits Elements/OTHER SOUND PACK DEMO/Voices Expressions Demo/Incredible_1.wav using Guid(840807a8b6eaf42fba810460eaf0e59b) Importer(815301076,1909f56bfc062723c751e8b465ee728b)  -> (artifact id: '92cb169d8cfa6b69277d64c125d472dd') in 0.015377 seconds 
Number of updated asset objects reloaded before import = 0
Number of asset objects unloaded after import = 2
========================================================================
Received Import Request.
  Time since last request: 0.002847 seconds.
  path: Assets/Game Sound Solutions - 8 bits Elements/OTHER SOUND PACK DEMO/Voices Expressions Demo/YouNeedMoreGems_1.wav
  artifactKey: Guid(22d456ec7ab07497aa73a83b9a829468) Importer(815301076,1909f56bfc062723c751e8b465ee728b)
Start importing Assets/Game Sound Solutions - 8 bits Elements/OTHER SOUND PACK DEMO/Voices Expressions Demo/YouNeedMoreGems_1.wav using Guid(22d456ec7ab07497aa73a83b9a829468) Importer(815301076,1909f56bfc062723c751e8b465ee728b)  -> (artifact id: '542c32ca2a246d3bb98cc72fcb56ed83') in 0.015137 seconds 
Number of updated asset objects reloaded before import = 0
Number of asset objects unloaded after import = 2
========================================================================
Received Import Request.
  Time since last request: 192.374254 seconds.
  path: Assets/Casual SoundFX Pack/Sounds/GameStarts1.wav
  artifactKey: Guid(cb8d1f9f8bcfd7744bc5c09e074bdeb6) Importer(815301076,1909f56bfc062723c751e8b465ee728b)
Start importing Assets/Casual SoundFX Pack/Sounds/GameStarts1.wav using Guid(cb8d1f9f8bcfd7744bc5c09e074bdeb6) Importer(815301076,1909f56bfc062723c751e8b465ee728b)  -> (artifact id: 'b3d4a95ac1ec2cf17af37feca056ea09') in 0.024672 seconds 
Number of updated asset objects reloaded before import = 0
Number of asset objects unloaded after import = 2
========================================================================
Received Import Request.
  Time since last request: 20.617054 seconds.
  path: Assets/Casual SoundFX Pack/Sounds/GameStarts2.wav
  artifactKey: Guid(5877f21220a782e4e9b636f72ed1f5f3) Importer(815301076,1909f56bfc062723c751e8b465ee728b)
Start importing Assets/Casual SoundFX Pack/Sounds/GameStarts2.wav using Guid(5877f21220a782e4e9b636f72ed1f5f3) Importer(815301076,1909f56bfc062723c751e8b465ee728b)  -> (artifact id: '64917b65824cc7600b7dc9b38b544143') in 0.017662 seconds 
Number of updated asset objects reloaded before import = 0
Number of asset objects unloaded after import = 2
========================================================================
Received Import Request.
  Time since last request: 48.200481 seconds.
  path: Assets/Casual SoundFX Pack/Sounds/GameStarts3.wav
  artifactKey: Guid(c952c74dd0dfb5c44b632b0c5564c936) Importer(815301076,1909f56bfc062723c751e8b465ee728b)
Start importing Assets/Casual SoundFX Pack/Sounds/GameStarts3.wav using Guid(c952c74dd0dfb5c44b632b0c5564c936) Importer(815301076,1909f56bfc062723c751e8b465ee728b)  -> (artifact id: '11463b62a7477c326206d3bdf6a8d9e2') in 0.014142 seconds 
Number of updated asset objects reloaded before import = 0
Number of asset objects unloaded after import = 2
========================================================================
Received Import Request.
  Time since last request: 90.652018 seconds.
  path: Assets/ArcadeGameBGM#3/ScaredState.wav
  artifactKey: Guid(9669960e415ea604d81fb0784634df79) Importer(815301076,1909f56bfc062723c751e8b465ee728b)
Start importing Assets/ArcadeGameBGM#3/ScaredState.wav using Guid(9669960e415ea604d81fb0784634df79) Importer(815301076,1909f56bfc062723c751e8b465ee728b)  -> (artifact id: '435fb89282a7f87bffa1f14ce2a4895d') in 0.016058 seconds 
Number of updated asset objects reloaded before import = 0
Number of asset objects unloaded after import = 2
========================================================================
Received Import Request.
  Time since last request: 23.369923 seconds.
  path: Assets/ArcadeGameBGM#3/ScaredStateBGM.wav
  artifactKey: Guid(9669960e415ea604d81fb0784634df79) Importer(815301076,1909f56bfc062723c751e8b465ee728b)
Start importing Assets/ArcadeGameBGM#3/ScaredStateBGM.wav using Guid(9669960e415ea604d81fb0784634df79) Importer(815301076,1909f56bfc062723c751e8b465ee728b)  -> (artifact id: '632d5165ebf57a2c4568c7c2f83f6d2f') in 0.015498 seconds 
Number of updated asset objects reloaded before import = 0
Number of asset objects unloaded after import = 2
========================================================================
Received Import Request.
  Time since last request: 238.181915 seconds.
  path: Assets/CasualGameSounds
  artifactKey: Guid(d8dfc0f4104d7a945ab168a16823d270) Importer(815301076,1909f56bfc062723c751e8b465ee728b)
Start importing Assets/CasualGameSounds using Guid(d8dfc0f4104d7a945ab168a16823d270) Importer(815301076,1909f56bfc062723c751e8b465ee728b)  -> (artifact id: 'a8502cc1eaf1511647113ad5c7992ed2') in 0.000893 seconds 
Number of updated asset objects reloaded before import = 0
Number of asset objects unloaded after import = 0
========================================================================
Received Import Request.
  Time since last request: 6.754963 seconds.
  path: Assets/CasualGameSounds/Pellet1.wav
  artifactKey: Guid(881e3f52c86c94f26a60718d35627cd8) Importer(815301076,1909f56bfc062723c751e8b465ee728b)
Start importing Assets/CasualGameSounds/Pellet1.wav using Guid(881e3f52c86c94f26a60718d35627cd8) Importer(815301076,1909f56bfc062723c751e8b465ee728b)  -> (artifact id: 'caa17a6d356e8f1895eaedbe1bf07e9c') in 0.007755 seconds 
Number of updated asset objects reloaded before import = 0
Number of asset objects unloaded after import = 2
========================================================================
Received Import Request.
  Time since last request: 43.111109 seconds.
  path: Assets/CasualGameSounds/Pellet2.wav
  artifactKey: Guid(6e8772b49f34d402a90016ed445d8a2f) Importer(815301076,1909f56bfc062723c751e8b465ee728b)
Start importing Assets/CasualGameSounds/Pellet2.wav using Guid(6e8772b49f34d402a90016ed445d8a2f) Importer(815301076,1909f56bfc062723c751e8b465ee728b)  -> (artifact id: 'e964e49fb6836091c261c7875a36e4dd') in 0.006487 seconds 
Number of updated asset objects reloaded before import = 0
Number of asset objects unloaded after import = 2
========================================================================
Received Import Request.
  Time since last request: 11.677724 seconds.
  path: Assets/CasualGameSounds/Pellet3.wav
  artifactKey: Guid(32d4b1811dda14a6cb9e059ee8ad17d2) Importer(815301076,1909f56bfc062723c751e8b465ee728b)
Start importing Assets/CasualGameSounds/Pellet3.wav using Guid(32d4b1811dda14a6cb9e059ee8ad17d2) Importer(815301076,1909f56bfc062723c751e8b465ee728b)  -> (artifact id: 'e6547efe5a3171d095a43c12a6aff470') in 0.006722 seconds 
Number of updated asset objects reloaded before import = 0
Number of asset objects unloaded after import = 2
========================================================================
Received Import Request.
  Time since last request: 26.601166 seconds.
  path: Assets/CasualGameSounds/Pellet4.wav
  artifactKey: Guid(ffb159a21c8a04135a5616979c828fab) Importer(815301076,1909f56bfc062723c751e8b465ee728b)
Start importing Assets/CasualGameSounds/Pellet4.wav using Guid(ffb159a21c8a04135a5616979c828fab) Importer(815301076,1909f56bfc062723c751e8b465ee728b)  -> (artifact id: 'df8f3af554352abfdf3e48976c81ee87') in 0.005376 seconds 
Number of updated asset objects reloaded before import = 0
Number of asset objects unloaded after import = 2
========================================================================
Received Import Request.
  Time since last request: 12.932863 seconds.
  path: Assets/CasualGameSounds/Pellet5.wav
  artifactKey: Guid(0994c12e202f342459a4212e7287f7e8) Importer(815301076,1909f56bfc062723c751e8b465ee728b)
Start importing Assets/CasualGameSounds/Pellet5.wav using Guid(0994c12e202f342459a4212e7287f7e8) Importer(815301076,1909f56bfc062723c751e8b465ee728b)  -> (artifact id: '917ca26e7a1a89266f5f80c26349e22d') in 0.016109 seconds 
Number of updated asset objects reloaded before import = 0
Number of asset objects unloaded after import = 2
========================================================================
Received Import Request.
  Time since last request: 29.899956 seconds.
  path: Assets/CasualGameSounds/PacDeath.wav
  artifactKey: Guid(cf6c0e7fbef9449c98a0cdb5ea0c4d9f) Importer(815301076,1909f56bfc062723c751e8b465ee728b)
Start importing Assets/CasualGameSounds/PacDeath.wav using Guid(cf6c0e7fbef9449c98a0cdb5ea0c4d9f) Importer(815301076,1909f56bfc062723c751e8b465ee728b)  -> (artifact id: 'a3529763af8122f51720172629bd688b') in 0.006703 seconds 
Number of updated asset objects reloaded before import = 0
Number of asset objects unloaded after import = 2
========================================================================
Received Import Request.
  Time since last request: 69.476042 seconds.
  path: Assets/CasualGameSounds/Wall1.wav
  artifactKey: Guid(29bde6326b4c34ad8a12da475f79b50a) Importer(815301076,1909f56bfc062723c751e8b465ee728b)
Start importing Assets/CasualGameSounds/Wall1.wav using Guid(29bde6326b4c34ad8a12da475f79b50a) Importer(815301076,1909f56bfc062723c751e8b465ee728b)  -> (artifact id: '019b0699ddf61a3417b78dedc8287971') in 0.007232 seconds 
Number of updated asset objects reloaded before import = 0
Number of asset objects unloaded after import = 2
========================================================================
Received Import Request.
  Time since last request: 63.520090 seconds.
  path: Assets/CasualGameSounds/Death2.wav
  artifactKey: Guid(a0ca8964c08d54c5dbebf245bdc474ca) Importer(815301076,1909f56bfc062723c751e8b465ee728b)
Start importing Assets/CasualGameSounds/Death2.wav using Guid(a0ca8964c08d54c5dbebf245bdc474ca) Importer(815301076,1909f56bfc062723c751e8b465ee728b)  -> (artifact id: '629d7a647bf322b4325cd5a1b723adb7') in 0.006364 seconds 
Number of updated asset objects reloaded before import = 0
Number of asset objects unloaded after import = 2
========================================================================
Received Import Request.
  Time since last request: 47.256936 seconds.
  path: Assets/CasualGameSounds/GhostDeadBGM.wav
  artifactKey: Guid(4e1ff8faed12a475eba9be0e46072269) Importer(815301076,1909f56bfc062723c751e8b465ee728b)
Start importing Assets/CasualGameSounds/GhostDeadBGM.wav using Guid(4e1ff8faed12a475eba9be0e46072269) Importer(815301076,1909f56bfc062723c751e8b465ee728b)  -> (artifact id: '753cd275ed62339323f40fba996449fe') in 0.014610 seconds 
Number of updated asset objects reloaded before import = 0
Number of asset objects unloaded after import = 2
========================================================================
Received Import Request.
  Time since last request: 973.050219 seconds.
  path: Assets/Sprites/Sheep_FRONT.png
  artifactKey: Guid(8b34fc609a583ad439c85171521bfcb4) Importer(815301076,1909f56bfc062723c751e8b465ee728b)
Start importing Assets/Sprites/Sheep_FRONT.png using Guid(8b34fc609a583ad439c85171521bfcb4) Importer(815301076,1909f56bfc062723c751e8b465ee728b)  -> (artifact id: 'bbd53688bd643504e5450def56e36e98') in 0.044912 seconds 
Number of updated asset objects reloaded before import = 0
Number of asset objects unloaded after import = 3
========================================================================
Received Import Request.
  Time since last request: 771.984997 seconds.
  path: Assets/Sprites/Sheep_FRONT2.png
  artifactKey: Guid(d3236f4860bc4ce4e84262a0ead8dbd5) Importer(815301076,1909f56bfc062723c751e8b465ee728b)
Start importing Assets/Sprites/Sheep_FRONT2.png using Guid(d3236f4860bc4ce4e84262a0ead8dbd5) Importer(815301076,1909f56bfc062723c751e8b465ee728b)  -> (artifact id: 'c3240b3d7f3aa2388c9ab9dea3e81871') in 0.021112 seconds 
Number of updated asset objects reloaded before import = 0
Number of asset objects unloaded after import = 3
========================================================================
Received Import Request.
  Time since last request: 1668.763479 seconds.
  path: Assets/Sprites/Sheep_UP.png
  artifactKey: Guid(26889c654e42d3b41a0e9ff83007cde5) Importer(815301076,1909f56bfc062723c751e8b465ee728b)
Start importing Assets/Sprites/Sheep_UP.png using Guid(26889c654e42d3b41a0e9ff83007cde5) Importer(815301076,1909f56bfc062723c751e8b465ee728b)  -> (artifact id: '18b99ba6bddb75cf5ce321f358565870') in 0.021635 seconds 
Number of updated asset objects reloaded before import = 0
Number of asset objects unloaded after import = 3
========================================================================
Received Import Request.
  Time since last request: 2.368340 seconds.
  path: Assets/Sprites/Sheep_DOWN.png
  artifactKey: Guid(3305c225083e3d1409c677f01f76bf5b) Importer(815301076,1909f56bfc062723c751e8b465ee728b)
Start importing Assets/Sprites/Sheep_DOWN.png using Guid(3305c225083e3d1409c677f01f76bf5b) Importer(815301076,1909f56bfc062723c751e8b465ee728b)  -> (artifact id: '53c61b6bdd0da2d5f6f6d2552208f89f') in 0.014323 seconds 
Number of updated asset objects reloaded before import = 0
Number of asset objects unloaded after import = 3
========================================================================
Received Import Request.
  Time since last request: 5.891297 seconds.
  path: Assets/Sprites/Sheep_RIGHT.png
  artifactKey: Guid(0ea8efa138b50e44b81b1bdcbf2c268d) Importer(815301076,1909f56bfc062723c751e8b465ee728b)
Start importing Assets/Sprites/Sheep_RIGHT.png using Guid(0ea8efa138b50e44b81b1bdcbf2c268d) Importer(815301076,1909f56bfc062723c751e8b465ee728b)  -> (artifact id: '494ef79adf2202514a2de627741d66ab') in 0.019161 seconds 
Number of updated asset objects reloaded before import = 0
Number of asset objects unloaded after import = 3
========================================================================
Received Import Request.
  Time since last request: 5.710616 seconds.
  path: Assets/Sprites/Sheep_LEFT.png
  artifactKey: Guid(42c8f0dcbfed1d54b96beb8d8859d7de) Importer(815301076,1909f56bfc062723c751e8b465ee728b)
Start importing Assets/Sprites/Sheep_LEFT.png using Guid(42c8f0dcbfed1d54b96beb8d8859d7de) Importer(815301076,1909f56bfc062723c751e8b465ee728b)  -> (artifact id: '4e1a96b6282f89372eaf234115b2b3c2') in 0.019845 seconds 
Number of updated asset objects reloaded before import = 0
Number of asset objects unloaded after import = 3
========================================================================
Received Import Request.
  Time since last request: 34.964074 seconds.
  path: Assets/Scripts/Pac_Sheep.cs
  artifactKey: Guid(afe578f0c268a234493ea590309ddbb8) Importer(815301076,1909f56bfc062723c751e8b465ee728b)
Start importing Assets/Scripts/Pac_Sheep.cs using Guid(afe578f0c268a234493ea590309ddbb8) Importer(815301076,1909f56bfc062723c751e8b465ee728b)  -> (artifact id: '89caeec1046082922f8d29ac893b6573') in 0.000653 seconds 
Number of updated asset objects reloaded before import = 0
Number of asset objects unloaded after import = 0
========================================================================
Received Prepare
Begin MonoManager ReloadAssembly
Symbol file LoadedFromMemory doesn't match image D:\31263Assessment3-Penghuan\Assessment3\Library\PackageCache\com.unity.visualscripting@1.8.0\Editor\VisualScripting.Core\Dependencies\YamlDotNet\Unity.VisualScripting.YamlDotNet.dll
Symbol file LoadedFromMemory doesn't match image D:\31263Assessment3-Penghuan\Assessment3\Library\PackageCache\com.unity.visualscripting@1.8.0\Editor\VisualScripting.Core\Dependencies\DotNetZip\Unity.VisualScripting.IonicZip.dll
- Loaded All Assemblies, in  1.100 seconds
Refreshing native plugins compatible for Editor in 2.51 ms, found 4 plugins.
Native extension for WindowsStandalone target not found
Mono: successfully reloaded assembly
- Finished resetting the current domain, in  0.746 seconds
Domain Reload Profiling:
	ReloadAssembly (427ms)
		BeginReloadAssembly (364ms)
			ExecutionOrderSort (0ms)
			DisableScriptedObjects (26ms)
			BackupInstance (0ms)
			ReleaseScriptingObjects (0ms)
			CreateAndSetChildDomain (203ms)
		LoadAllAssembliesAndSetupDomain (673ms)
			LoadAssemblies (314ms)
			RebuildTransferFunctionScriptingTraits (0ms)
			SetupTypeCache (438ms)
				TypeCache.Initialize (241ms)
					TypeCache.ScanAssembly (233ms)
				ResolveRequiredComponents (7ms)
		FinalizeReload (0ms)
			ReleaseScriptCaches (0ms)
			RebuildScriptCaches (0ms)
			SetupLoadedEditorAssemblies (301ms)
				LogAssemblyErrors (0ms)
				InitializePlatformSupportModulesInManaged (4ms)
				SetLoadedEditorAssemblies (6ms)
				RefreshPlugins (0ms)
				BeforeProcessingInitializeOnLoad (57ms)
				ProcessInitializeOnLoadAttributes (209ms)
				ProcessInitializeOnLoadMethodAttributes (23ms)
				AfterProcessingInitializeOnLoad (1ms)
				EditorAssembliesLoaded (0ms)
			ExecutionOrderSort2 (0ms)
			AwakeInstancesAfterBackupRestoration (9ms)
Refreshing native plugins compatible for Editor in 2.67 ms, found 4 plugins.
Preloading 0 native plugins for Editor in 0.00 ms.
Unloading 3973 Unused Serialized files (Serialized files now loaded: 0)
Unloading 26 unused Assets / (37.4 KB). Loaded Objects now: 4461.
Memory consumption went from 0.60 GB to 0.60 GB.
Total: 3.330200 ms (FindLiveObjects: 0.250000 ms CreateObjectMapping: 0.141700 ms MarkObjects: 2.888600 ms  DeleteObjects: 0.048500 ms)

Prepare: number of updated asset objects reloaded= 0
AssetImportParameters requested are different than current active one (requested -> active):
  custom:container-demuxer-ogg: 62fdf1f143b41e24485cea50d1cbac27 -> 
  custom:video-codec-MediaFoundation-h265: 746d11721c4dcdbdad8f713fa42b33f4 -> 
  custom:video-decoder-ogg-theora: a1e56fd34408186e4bbccfd4996cb3dc -> 
  custom:framework-win-MediaFoundation: 216162199b28c13a410421893ffa2e32 -> 
  custom:container-demuxer-webm: 4f35f7cbe854078d1ac9338744f61a02 -> 
  custom:container-muxer-webm: aa71ff27fc2769a1b78a27578f13a17b -> 
  custom:video-decoder-webm-vp8: 9c59270c3fd7afecdb556c50c9e8de78 -> 
  custom:AudioImporter_EditorPlatform: d09bf68614088b80899f8185d706f6e7 -> 
  custom:video-encoder-webm-vp8: eb34c28f22e8b96e1ab97ce403110664 -> 
  custom:audio-decoder-ogg-vorbis: bf7c407c2cedff20999df2af8eb42d56 -> 
  custom:audio-encoder-webm-vorbis: bf7c407c2cedff20999df2af8eb42d56 -> 
========================================================================
Received Import Request.
  Time since last request: 26.871883 seconds.
  path: Assets/Scripts/Pac_Sheep.cs
  artifactKey: Guid(afe578f0c268a234493ea590309ddbb8) Importer(815301076,1909f56bfc062723c751e8b465ee728b)
Start importing Assets/Scripts/Pac_Sheep.cs using Guid(afe578f0c268a234493ea590309ddbb8) Importer(815301076,1909f56bfc062723c751e8b465ee728b)  -> (artifact id: '6ff41a93fa6004d024a636b30f034aad') in 0.001646 seconds 
Number of updated asset objects reloaded before import = 0
Number of asset objects unloaded after import = 0
========================================================================
Received Prepare
Begin MonoManager ReloadAssembly
Symbol file LoadedFromMemory doesn't match image D:\31263Assessment3-Penghuan\Assessment3\Library\PackageCache\com.unity.visualscripting@1.8.0\Editor\VisualScripting.Core\Dependencies\YamlDotNet\Unity.VisualScripting.YamlDotNet.dll
Symbol file LoadedFromMemory doesn't match image D:\31263Assessment3-Penghuan\Assessment3\Library\PackageCache\com.unity.visualscripting@1.8.0\Editor\VisualScripting.Core\Dependencies\DotNetZip\Unity.VisualScripting.IonicZip.dll
- Loaded All Assemblies, in  0.724 seconds
Refreshing native plugins compatible for Editor in 3.22 ms, found 4 plugins.
Native extension for WindowsStandalone target not found
Mono: successfully reloaded assembly
- Finished resetting the current domain, in  0.573 seconds
Domain Reload Profiling:
	ReloadAssembly (164ms)
		BeginReloadAssembly (113ms)
			ExecutionOrderSort (0ms)
			DisableScriptedObjects (5ms)
			BackupInstance (0ms)
			ReleaseScriptingObjects (0ms)
			CreateAndSetChildDomain (33ms)
		LoadAllAssembliesAndSetupDomain (560ms)
			LoadAssemblies (193ms)
			RebuildTransferFunctionScriptingTraits (0ms)
			SetupTypeCache (418ms)
				TypeCache.Initialize (220ms)
					TypeCache.ScanAssembly (215ms)
				ResolveRequiredComponents (4ms)
		FinalizeReload (0ms)
			ReleaseScriptCaches (0ms)
			RebuildScriptCaches (0ms)
			SetupLoadedEditorAssemblies (239ms)
				LogAssemblyErrors (0ms)
				InitializePlatformSupportModulesInManaged (3ms)
				SetLoadedEditorAssemblies (5ms)
				RefreshPlugins (0ms)
				BeforeProcessingInitializeOnLoad (48ms)
				ProcessInitializeOnLoadAttributes (159ms)
				ProcessInitializeOnLoadMethodAttributes (20ms)
				AfterProcessingInitializeOnLoad (3ms)
				EditorAssembliesLoaded (0ms)
			ExecutionOrderSort2 (0ms)
			AwakeInstancesAfterBackupRestoration (9ms)
Refreshing native plugins compatible for Editor in 2.47 ms, found 4 plugins.
Preloading 0 native plugins for Editor in 0.00 ms.
Unloading 3972 Unused Serialized files (Serialized files now loaded: 0)
Unloading 27 unused Assets / (37.9 KB). Loaded Objects now: 4463.
Memory consumption went from 0.60 GB to 0.60 GB.
Total: 2.512800 ms (FindLiveObjects: 0.231600 ms CreateObjectMapping: 0.118400 ms MarkObjects: 2.115900 ms  DeleteObjects: 0.045800 ms)

Prepare: number of updated asset objects reloaded= 0
AssetImportParameters requested are different than current active one (requested -> active):
  custom:container-demuxer-ogg: 62fdf1f143b41e24485cea50d1cbac27 -> 
  custom:video-codec-MediaFoundation-h265: 746d11721c4dcdbdad8f713fa42b33f4 -> 
  custom:video-decoder-ogg-theora: a1e56fd34408186e4bbccfd4996cb3dc -> 
  custom:framework-win-MediaFoundation: 216162199b28c13a410421893ffa2e32 -> 
  custom:container-demuxer-webm: 4f35f7cbe854078d1ac9338744f61a02 -> 
  custom:container-muxer-webm: aa71ff27fc2769a1b78a27578f13a17b -> 
  custom:video-decoder-webm-vp8: 9c59270c3fd7afecdb556c50c9e8de78 -> 
  custom:AudioImporter_EditorPlatform: d09bf68614088b80899f8185d706f6e7 -> 
  custom:video-encoder-webm-vp8: eb34c28f22e8b96e1ab97ce403110664 -> 
  custom:audio-decoder-ogg-vorbis: bf7c407c2cedff20999df2af8eb42d56 -> 
  custom:audio-encoder-webm-vorbis: bf7c407c2cedff20999df2af8eb42d56 -> 
========================================================================
Received Import Request.
  Time since last request: 21.675584 seconds.
  path: Assets/Casual SoundFX Pack/Documentation/Casual SoundFX Pack.png
  artifactKey: Guid(c042cd9684d103d4b8e200705ce86ea1) Importer(815301076,1909f56bfc062723c751e8b465ee728b)
Start importing Assets/Casual SoundFX Pack/Documentation/Casual SoundFX Pack.png using Guid(c042cd9684d103d4b8e200705ce86ea1) Importer(815301076,1909f56bfc062723c751e8b465ee728b)  -> (artifact id: '03912e6022381cdf4cdebe950328c7eb') in 0.048791 seconds 
Number of updated asset objects reloaded before import = 0
Number of asset objects unloaded after import = 2
========================================================================
Received Prepare
Begin MonoManager ReloadAssembly
Symbol file LoadedFromMemory doesn't match image D:\31263Assessment3-Penghuan\Assessment3\Library\PackageCache\com.unity.visualscripting@1.8.0\Editor\VisualScripting.Core\Dependencies\YamlDotNet\Unity.VisualScripting.YamlDotNet.dll
Symbol file LoadedFromMemory doesn't match image D:\31263Assessment3-Penghuan\Assessment3\Library\PackageCache\com.unity.visualscripting@1.8.0\Editor\VisualScripting.Core\Dependencies\DotNetZip\Unity.VisualScripting.IonicZip.dll
- Loaded All Assemblies, in  0.701 seconds
Refreshing native plugins compatible for Editor in 2.87 ms, found 4 plugins.
Native extension for WindowsStandalone target not found
Mono: successfully reloaded assembly
- Finished resetting the current domain, in  0.676 seconds
Domain Reload Profiling:
	ReloadAssembly (164ms)
		BeginReloadAssembly (113ms)
			ExecutionOrderSort (0ms)
			DisableScriptedObjects (5ms)
			BackupInstance (0ms)
			ReleaseScriptingObjects (0ms)
			CreateAndSetChildDomain (31ms)
		LoadAllAssembliesAndSetupDomain (537ms)
			LoadAssemblies (198ms)
			RebuildTransferFunctionScriptingTraits (0ms)
			SetupTypeCache (391ms)
				TypeCache.Initialize (174ms)
					TypeCache.ScanAssembly (170ms)
				ResolveRequiredComponents (3ms)
		FinalizeReload (0ms)
			ReleaseScriptCaches (0ms)
			RebuildScriptCaches (0ms)
			SetupLoadedEditorAssemblies (287ms)
				LogAssemblyErrors (0ms)
				InitializePlatformSupportModulesInManaged (4ms)
				SetLoadedEditorAssemblies (5ms)
				RefreshPlugins (0ms)
				BeforeProcessingInitializeOnLoad (53ms)
				ProcessInitializeOnLoadAttributes (199ms)
				ProcessInitializeOnLoadMethodAttributes (24ms)
				AfterProcessingInitializeOnLoad (3ms)
				EditorAssembliesLoaded (0ms)
			ExecutionOrderSort2 (0ms)
			AwakeInstancesAfterBackupRestoration (10ms)
Refreshing native plugins compatible for Editor in 3.61 ms, found 4 plugins.
Preloading 0 native plugins for Editor in 0.00 ms.
Unloading 3972 Unused Serialized files (Serialized files now loaded: 0)
Unloading 26 unused Assets / (37.2 KB). Loaded Objects now: 4467.
Memory consumption went from 0.60 GB to 0.60 GB.
Total: 2.598400 ms (FindLiveObjects: 0.242100 ms CreateObjectMapping: 0.122200 ms MarkObjects: 2.188700 ms  DeleteObjects: 0.044400 ms)

Prepare: number of updated asset objects reloaded= 0
AssetImportParameters requested are different than current active one (requested -> active):
  custom:container-demuxer-ogg: 62fdf1f143b41e24485cea50d1cbac27 -> 
  custom:video-codec-MediaFoundation-h265: 746d11721c4dcdbdad8f713fa42b33f4 -> 
  custom:video-decoder-ogg-theora: a1e56fd34408186e4bbccfd4996cb3dc -> 
  custom:framework-win-MediaFoundation: 216162199b28c13a410421893ffa2e32 -> 
  custom:container-demuxer-webm: 4f35f7cbe854078d1ac9338744f61a02 -> 
  custom:container-muxer-webm: aa71ff27fc2769a1b78a27578f13a17b -> 
  custom:video-decoder-webm-vp8: 9c59270c3fd7afecdb556c50c9e8de78 -> 
  custom:AudioImporter_EditorPlatform: d09bf68614088b80899f8185d706f6e7 -> 
  custom:video-encoder-webm-vp8: eb34c28f22e8b96e1ab97ce403110664 -> 
  custom:audio-decoder-ogg-vorbis: bf7c407c2cedff20999df2af8eb42d56 -> 
  custom:audio-encoder-webm-vorbis: bf7c407c2cedff20999df2af8eb42d56 -> 
