Using pre-set license
Built from '2022.2/staging' branch; Version is '2022.2.6f1 (10bfa6201ced) revision 1097638'; Using compiler version '192829333'; Build Type 'Release'
OS: 'Windows 11  (10.0.22621) 64bit CoreCountrySpecific' Language: 'zh' Physical Memory: 16108 MB
BatchMode: 1, IsHumanControllingUs: 0, StartBugReporterOnCrash: 0, Is64bit: 1, IsPro: 1

COMMAND LINE ARGUMENTS:
D:\unity\2022.2.6f1\Editor\Unity.exe
-adb2
-batchMode
-noUpm
-name
AssetImportWorker5
-projectPath
D:/31263Assessment3-Penghuan/Assessment3
-logFile
Logs/AssetImportWorker5.log
-srvPort
62419
Successfully changed project path to: D:/31263Assessment3-Penghuan/Assessment3
D:/31263Assessment3-Penghuan/Assessment3
[UnityMemory] Configuration Parameters - Can be set up in boot.config
    "memorysetup-bucket-allocator-granularity=16"
    "memorysetup-bucket-allocator-bucket-count=8"
    "memorysetup-bucket-allocator-block-size=33554432"
    "memorysetup-bucket-allocator-block-count=8"
    "memorysetup-main-allocator-block-size=16777216"
    "memorysetup-thread-allocator-block-size=16777216"
    "memorysetup-gfx-main-allocator-block-size=16777216"
    "memorysetup-gfx-thread-allocator-block-size=16777216"
    "memorysetup-cache-allocator-block-size=4194304"
    "memorysetup-typetree-allocator-block-size=2097152"
    "memorysetup-profiler-bucket-allocator-granularity=16"
    "memorysetup-profiler-bucket-allocator-bucket-count=8"
    "memorysetup-profiler-bucket-allocator-block-size=33554432"
    "memorysetup-profiler-bucket-allocator-block-count=8"
    "memorysetup-profiler-allocator-block-size=16777216"
    "memorysetup-profiler-editor-allocator-block-size=1048576"
    "memorysetup-temp-allocator-size-main=16777216"
    "memorysetup-job-temp-allocator-block-size=2097152"
    "memorysetup-job-temp-allocator-block-size-background=1048576"
    "memorysetup-job-temp-allocator-reduction-small-platforms=262144"
    "memorysetup-temp-allocator-size-background-worker=32768"
    "memorysetup-temp-allocator-size-job-worker=262144"
    "memorysetup-temp-allocator-size-preload-manager=33554432"
    "memorysetup-temp-allocator-size-nav-mesh-worker=65536"
    "memorysetup-temp-allocator-size-audio-worker=65536"
    "memorysetup-temp-allocator-size-cloud-worker=32768"
    "memorysetup-temp-allocator-size-gi-baking-worker=262144"
    "memorysetup-temp-allocator-size-gfx=262144"
Player connection [54548] Host "[IP] 192.168.1.100 [Port] 0 [Flags] 2 [Guid] 4131030716 [EditorId] 4131030716 [Version] 1048832 [Id] WindowsEditor(7,ivan0701) [Debug] 1 [PackageName] WindowsEditor [ProjectName] Editor" joined multi-casting on [225.0.0.222:54997]...

Player connection [54548] Host "[IP] 192.168.1.100 [Port] 0 [Flags] 2 [Guid] 4131030716 [EditorId] 4131030716 [Version] 1048832 [Id] WindowsEditor(7,ivan0701) [Debug] 1 [PackageName] WindowsEditor [ProjectName] Editor" joined alternative multi-casting on [225.0.0.222:34997]...

Refreshing native plugins compatible for Editor in 1378.71 ms, found 4 plugins.
Preloading 0 native plugins for Editor in 0.00 ms.
Initialize engine version: 2022.2.6f1 (10bfa6201ced)
[Subsystems] Discovering subsystems at path D:/unity/2022.2.6f1/Editor/Data/Resources/UnitySubsystems
[Subsystems] Discovering subsystems at path D:/31263Assessment3-Penghuan/Assessment3/Assets
GfxDevice: creating device client; threaded=0; jobified=0
Direct3D:
    Version:  Direct3D 11.0 [level 11.1]
    Renderer: NVIDIA GeForce RTX 3060 Laptop GPU (ID=0x2560)
    Vendor:   NVIDIA
    VRAM:     6023 MB
    Driver:   31.0.15.1700
Initialize mono
Mono path[0] = 'D:/unity/2022.2.6f1/Editor/Data/Managed'
Mono path[1] = 'D:/unity/2022.2.6f1/Editor/Data/MonoBleedingEdge/lib/mono/unityjit-win32'
Mono config path = 'D:/unity/2022.2.6f1/Editor/Data/MonoBleedingEdge/etc'
Using monoOptions --debugger-agent=transport=dt_socket,embedding=1,server=y,suspend=n,address=127.0.0.1:56704
Begin MonoManager ReloadAssembly
Registering precompiled unity dll's ...
Register platform support module: D:/unity/2022.2.6f1/Editor/Data/PlaybackEngines/WindowsStandaloneSupport/UnityEditor.WindowsStandalone.Extensions.dll
Registered in 0.092912 seconds.
- Loaded All Assemblies, in  7.694 seconds
Native extension for WindowsStandalone target not found
Mono: successfully reloaded assembly
- Finished resetting the current domain, in  0.217 seconds
Domain Reload Profiling:
	ReloadAssembly (7023ms)
		BeginReloadAssembly (6579ms)
			ExecutionOrderSort (0ms)
			DisableScriptedObjects (0ms)
			BackupInstance (0ms)
			ReleaseScriptingObjects (0ms)
			CreateAndSetChildDomain (1ms)
		LoadAllAssembliesAndSetupDomain (0ms)
			LoadAssemblies (6579ms)
			RebuildTransferFunctionScriptingTraits (0ms)
			SetupTypeCache (668ms)
				TypeCache.Initialize (667ms)
					TypeCache.ScanAssembly (666ms)
				ResolveRequiredComponents (0ms)
		FinalizeReload (0ms)
			ReleaseScriptCaches (0ms)
			RebuildScriptCaches (0ms)
			SetupLoadedEditorAssemblies (170ms)
				LogAssemblyErrors (0ms)
				InitializePlatformSupportModulesInManaged (6ms)
				SetLoadedEditorAssemblies (6ms)
				RefreshPlugins (0ms)
				BeforeProcessingInitializeOnLoad (1ms)
				ProcessInitializeOnLoadAttributes (110ms)
				ProcessInitializeOnLoadMethodAttributes (47ms)
				AfterProcessingInitializeOnLoad (0ms)
				EditorAssembliesLoaded (0ms)
			ExecutionOrderSort2 (0ms)
			AwakeInstancesAfterBackupRestoration (0ms)
========================================================================
Worker process is ready to serve import requests
Begin MonoManager ReloadAssembly
Symbol file LoadedFromMemory doesn't match image D:\31263Assessment3-Penghuan\Assessment3\Library\PackageCache\com.unity.visualscripting@1.8.0\Editor\VisualScripting.Core\Dependencies\YamlDotNet\Unity.VisualScripting.YamlDotNet.dll
Symbol file LoadedFromMemory doesn't match image D:\31263Assessment3-Penghuan\Assessment3\Library\PackageCache\com.unity.visualscripting@1.8.0\Editor\VisualScripting.Core\Dependencies\DotNetZip\Unity.VisualScripting.IonicZip.dll
- Loaded All Assemblies, in 10.200 seconds
Refreshing native plugins compatible for Editor in 2.58 ms, found 4 plugins.
Native extension for WindowsStandalone target not found
Mono: successfully reloaded assembly
- Finished resetting the current domain, in  0.430 seconds
Domain Reload Profiling:
	ReloadAssembly (190ms)
		BeginReloadAssembly (117ms)
			ExecutionOrderSort (0ms)
			DisableScriptedObjects (4ms)
			BackupInstance (0ms)
			ReleaseScriptingObjects (0ms)
			CreateAndSetChildDomain (19ms)
		LoadAllAssembliesAndSetupDomain (10010ms)
			LoadAssemblies (9568ms)
			RebuildTransferFunctionScriptingTraits (0ms)
			SetupTypeCache (508ms)
				TypeCache.Initialize (328ms)
					TypeCache.ScanAssembly (324ms)
				ResolveRequiredComponents (6ms)
		FinalizeReload (0ms)
			ReleaseScriptCaches (0ms)
			RebuildScriptCaches (0ms)
			SetupLoadedEditorAssemblies (286ms)
				LogAssemblyErrors (0ms)
				InitializePlatformSupportModulesInManaged (3ms)
				SetLoadedEditorAssemblies (4ms)
				RefreshPlugins (0ms)
				BeforeProcessingInitializeOnLoad (47ms)
				ProcessInitializeOnLoadAttributes (203ms)
				ProcessInitializeOnLoadMethodAttributes (28ms)
				AfterProcessingInitializeOnLoad (2ms)
				EditorAssembliesLoaded (0ms)
			ExecutionOrderSort2 (0ms)
			AwakeInstancesAfterBackupRestoration (8ms)
Launched and connected shader compiler UnityShaderCompiler.exe after 0.07 seconds
Refreshing native plugins compatible for Editor in 3.58 ms, found 4 plugins.
Preloading 0 native plugins for Editor in 0.00 ms.
Unloading 3983 Unused Serialized files (Serialized files now loaded: 0)
Unloading 37 unused Assets / (70.3 KB). Loaded Objects now: 4443.
Memory consumption went from 0.60 GB to 0.60 GB.
Total: 3.098300 ms (FindLiveObjects: 0.263700 ms CreateObjectMapping: 0.128400 ms MarkObjects: 2.585700 ms  DeleteObjects: 0.119100 ms)

AssetImportParameters requested are different than current active one (requested -> active):
  custom:container-demuxer-ogg: 62fdf1f143b41e24485cea50d1cbac27 -> 
  custom:video-codec-MediaFoundation-h265: 746d11721c4dcdbdad8f713fa42b33f4 -> 
  custom:video-decoder-ogg-theora: a1e56fd34408186e4bbccfd4996cb3dc -> 
  custom:framework-win-MediaFoundation: 216162199b28c13a410421893ffa2e32 -> 
  custom:container-demuxer-webm: 4f35f7cbe854078d1ac9338744f61a02 -> 
  custom:container-muxer-webm: aa71ff27fc2769a1b78a27578f13a17b -> 
  custom:video-decoder-webm-vp8: 9c59270c3fd7afecdb556c50c9e8de78 -> 
  custom:AudioImporter_EditorPlatform: d09bf68614088b80899f8185d706f6e7 -> 
  custom:video-encoder-webm-vp8: eb34c28f22e8b96e1ab97ce403110664 -> 
  custom:audio-decoder-ogg-vorbis: bf7c407c2cedff20999df2af8eb42d56 -> 
  custom:audio-encoder-webm-vorbis: bf7c407c2cedff20999df2af8eb42d56 -> 
========================================================================
Received Import Request.
  Time since last request: 138123.723329 seconds.
  path: Assets/CasualGameBGM05/BGM_02.wav
  artifactKey: Guid(90eae78e8ce85a849b5b0ca11b2de641) Importer(815301076,1909f56bfc062723c751e8b465ee728b)
Start importing Assets/CasualGameBGM05/BGM_02.wav using Guid(90eae78e8ce85a849b5b0ca11b2de641) Importer(815301076,1909f56bfc062723c751e8b465ee728b)  -> (artifact id: '988b3e013cd9b04a63e981dd641cc2e4') in 0.079453 seconds 
Number of updated asset objects reloaded before import = 0
Number of asset objects unloaded after import = 2
========================================================================
Received Import Request.
  Time since last request: 24.861835 seconds.
  path: Assets/CasualGameSounds/DM-CGS-02.wav
  artifactKey: Guid(dc6614beca09347ec9b258f12d154bdd) Importer(815301076,1909f56bfc062723c751e8b465ee728b)
Start importing Assets/CasualGameSounds/DM-CGS-02.wav using Guid(dc6614beca09347ec9b258f12d154bdd) Importer(815301076,1909f56bfc062723c751e8b465ee728b)  -> (artifact id: 'a6679390ac199e9aca50d901c4d7e7d6') in 0.015454 seconds 
Number of updated asset objects reloaded before import = 0
Number of asset objects unloaded after import = 2
========================================================================
Received Import Request.
  Time since last request: 0.008247 seconds.
  path: Assets/CasualGameSounds/DM-CGS-05.wav
  artifactKey: Guid(b99da9a57308d4ba1bee1cf1d9038376) Importer(815301076,1909f56bfc062723c751e8b465ee728b)
Start importing Assets/CasualGameSounds/DM-CGS-05.wav using Guid(b99da9a57308d4ba1bee1cf1d9038376) Importer(815301076,1909f56bfc062723c751e8b465ee728b)  -> (artifact id: 'f6e0d7906bce42a75a0ed107698e9193') in 0.014325 seconds 
Number of updated asset objects reloaded before import = 0
Number of asset objects unloaded after import = 2
========================================================================
Received Import Request.
  Time since last request: 0.000017 seconds.
  path: Assets/CasualGameSounds/DM-CGS-07.wav
  artifactKey: Guid(2c5292ba5cf254919a6b9e2b18e04f49) Importer(815301076,1909f56bfc062723c751e8b465ee728b)
Start importing Assets/CasualGameSounds/DM-CGS-07.wav using Guid(2c5292ba5cf254919a6b9e2b18e04f49) Importer(815301076,1909f56bfc062723c751e8b465ee728b)  -> (artifact id: '60abdadfa6336d2e5fd4d46cdf571ab2') in 0.017761 seconds 
Number of updated asset objects reloaded before import = 0
Number of asset objects unloaded after import = 2
========================================================================
Received Import Request.
  Time since last request: 0.000313 seconds.
  path: Assets/CasualGameSounds/DM-CGS-12.wav
  artifactKey: Guid(7478151cf36724a7dada558f746c3633) Importer(815301076,1909f56bfc062723c751e8b465ee728b)
Start importing Assets/CasualGameSounds/DM-CGS-12.wav using Guid(7478151cf36724a7dada558f746c3633) Importer(815301076,1909f56bfc062723c751e8b465ee728b)  -> (artifact id: '978c760ece11c179056ef42b85a47142') in 0.013777 seconds 
Number of updated asset objects reloaded before import = 0
Number of asset objects unloaded after import = 2
========================================================================
Received Import Request.
  Time since last request: 0.000016 seconds.
  path: Assets/CasualGameSounds/DM-CGS-15.wav
  artifactKey: Guid(0c008ee3ee72a4362a35be25fa5de043) Importer(815301076,1909f56bfc062723c751e8b465ee728b)
Start importing Assets/CasualGameSounds/DM-CGS-15.wav using Guid(0c008ee3ee72a4362a35be25fa5de043) Importer(815301076,1909f56bfc062723c751e8b465ee728b)  -> (artifact id: '405cad0688fb7b5bde0ee3d75b9fce91') in 0.018762 seconds 
Number of updated asset objects reloaded before import = 0
Number of asset objects unloaded after import = 2
========================================================================
Received Import Request.
  Time since last request: 0.005779 seconds.
  path: Assets/CasualGameSounds/DM-CGS-16.wav
  artifactKey: Guid(724131bc8a7f34041bb9f1701f0cb58d) Importer(815301076,1909f56bfc062723c751e8b465ee728b)
Start importing Assets/CasualGameSounds/DM-CGS-16.wav using Guid(724131bc8a7f34041bb9f1701f0cb58d) Importer(815301076,1909f56bfc062723c751e8b465ee728b)  -> (artifact id: '3dfac6c23c36616be35f51411591eb14') in 0.011773 seconds 
Number of updated asset objects reloaded before import = 0
Number of asset objects unloaded after import = 2
========================================================================
Received Import Request.
  Time since last request: 0.000076 seconds.
  path: Assets/CasualGameSounds/DM-CGS-19.wav
  artifactKey: Guid(81652031b64c342cc8dbc59c138d77c5) Importer(815301076,1909f56bfc062723c751e8b465ee728b)
Start importing Assets/CasualGameSounds/DM-CGS-19.wav using Guid(81652031b64c342cc8dbc59c138d77c5) Importer(815301076,1909f56bfc062723c751e8b465ee728b)  -> (artifact id: 'f94e3d0bcda4ff0e9781755d2b15ba02') in 0.011359 seconds 
Number of updated asset objects reloaded before import = 0
Number of asset objects unloaded after import = 2
========================================================================
Received Import Request.
  Time since last request: 0.000016 seconds.
  path: Assets/CasualGameSounds/DM-CGS-22.wav
  artifactKey: Guid(d8d04c6f80a1140db85ede568dab1f51) Importer(815301076,1909f56bfc062723c751e8b465ee728b)
Start importing Assets/CasualGameSounds/DM-CGS-22.wav using Guid(d8d04c6f80a1140db85ede568dab1f51) Importer(815301076,1909f56bfc062723c751e8b465ee728b)  -> (artifact id: 'f206e422a9fc04375b1a2edd6a9563a0') in 0.012977 seconds 
Number of updated asset objects reloaded before import = 0
Number of asset objects unloaded after import = 2
========================================================================
Received Import Request.
  Time since last request: 0.000026 seconds.
  path: Assets/CasualGameSounds/DM-CGS-24.wav
  artifactKey: Guid(657578e4be6b64dbf9b09deada272e55) Importer(815301076,1909f56bfc062723c751e8b465ee728b)
Start importing Assets/CasualGameSounds/DM-CGS-24.wav using Guid(657578e4be6b64dbf9b09deada272e55) Importer(815301076,1909f56bfc062723c751e8b465ee728b)  -> (artifact id: 'e03462952d99cec786a2c9fb9325cffd') in 0.014585 seconds 
Number of updated asset objects reloaded before import = 0
Number of asset objects unloaded after import = 2
========================================================================
Received Import Request.
  Time since last request: 0.000054 seconds.
  path: Assets/CasualGameSounds/DM-CGS-23.wav
  artifactKey: Guid(a0ca8964c08d54c5dbebf245bdc474ca) Importer(815301076,1909f56bfc062723c751e8b465ee728b)
Start importing Assets/CasualGameSounds/DM-CGS-23.wav using Guid(a0ca8964c08d54c5dbebf245bdc474ca) Importer(815301076,1909f56bfc062723c751e8b465ee728b)  -> (artifact id: '74eb7322b5772dadd2f41c26a14cfd1d') in 0.013983 seconds 
Number of updated asset objects reloaded before import = 0
Number of asset objects unloaded after import = 2
========================================================================
Received Import Request.
  Time since last request: 0.000020 seconds.
  path: Assets/CasualGameSounds/DM-CGS-30.wav
  artifactKey: Guid(130a177e727814a2ea78a886ab72213d) Importer(815301076,1909f56bfc062723c751e8b465ee728b)
Start importing Assets/CasualGameSounds/DM-CGS-30.wav using Guid(130a177e727814a2ea78a886ab72213d) Importer(815301076,1909f56bfc062723c751e8b465ee728b)  -> (artifact id: 'ba7abe575c66a3d88012ead785cf2b81') in 0.014137 seconds 
Number of updated asset objects reloaded before import = 0
Number of asset objects unloaded after import = 2
========================================================================
Received Import Request.
  Time since last request: 0.000023 seconds.
  path: Assets/CasualGameSounds/DM-CGS-14.wav
  artifactKey: Guid(b6428d4edb06344ba829da4edd9967c1) Importer(815301076,1909f56bfc062723c751e8b465ee728b)
Start importing Assets/CasualGameSounds/DM-CGS-14.wav using Guid(b6428d4edb06344ba829da4edd9967c1) Importer(815301076,1909f56bfc062723c751e8b465ee728b)  -> (artifact id: '9f67484ec3d03c60b13aef7e4ba27383') in 0.014503 seconds 
Number of updated asset objects reloaded before import = 0
Number of asset objects unloaded after import = 2
========================================================================
Received Import Request.
  Time since last request: 0.000028 seconds.
  path: Assets/CasualGameSounds/DM-CGS-09.wav
  artifactKey: Guid(ff5f85da24bc943d1abdc5760a22bc81) Importer(815301076,1909f56bfc062723c751e8b465ee728b)
Start importing Assets/CasualGameSounds/DM-CGS-09.wav using Guid(ff5f85da24bc943d1abdc5760a22bc81) Importer(815301076,1909f56bfc062723c751e8b465ee728b)  -> (artifact id: 'b049338c580932589c7998552b40b7bb') in 0.012420 seconds 
Number of updated asset objects reloaded before import = 0
Number of asset objects unloaded after import = 2
========================================================================
Received Import Request.
  Time since last request: 0.000013 seconds.
  path: Assets/CasualGameSounds/DM-CGS-13.wav
  artifactKey: Guid(72127805eb2bc4e7fbf2e02eca266cfa) Importer(815301076,1909f56bfc062723c751e8b465ee728b)
Start importing Assets/CasualGameSounds/DM-CGS-13.wav using Guid(72127805eb2bc4e7fbf2e02eca266cfa) Importer(815301076,1909f56bfc062723c751e8b465ee728b)  -> (artifact id: '1cba0cea2606b9d52bb81e39ec65027d') in 0.012367 seconds 
Number of updated asset objects reloaded before import = 0
Number of asset objects unloaded after import = 2
========================================================================
Received Import Request.
  Time since last request: 0.000014 seconds.
  path: Assets/CasualGameSounds/DM-CGS-21.wav
  artifactKey: Guid(ffb159a21c8a04135a5616979c828fab) Importer(815301076,1909f56bfc062723c751e8b465ee728b)
Start importing Assets/CasualGameSounds/DM-CGS-21.wav using Guid(ffb159a21c8a04135a5616979c828fab) Importer(815301076,1909f56bfc062723c751e8b465ee728b)  -> (artifact id: '6291fa8c73b32450665ccad84f21f661') in 0.010942 seconds 
Number of updated asset objects reloaded before import = 0
Number of asset objects unloaded after import = 2
========================================================================
Received Import Request.
  Time since last request: 0.000039 seconds.
  path: Assets/CasualGameSounds/DM-CGS-06.wav
  artifactKey: Guid(a235d590ef2a04d1b85b61ef4c21337c) Importer(815301076,1909f56bfc062723c751e8b465ee728b)
Start importing Assets/CasualGameSounds/DM-CGS-06.wav using Guid(a235d590ef2a04d1b85b61ef4c21337c) Importer(815301076,1909f56bfc062723c751e8b465ee728b)  -> (artifact id: '78d2ad5b9f848104b6f75008da360b5c') in 0.011502 seconds 
Number of updated asset objects reloaded before import = 0
Number of asset objects unloaded after import = 2
========================================================================
Received Import Request.
  Time since last request: 12.742962 seconds.
  path: Assets/CasualGameSounds/DM-CGS-37.wav
  artifactKey: Guid(a931da70ee74947d5a047de583170ade) Importer(815301076,1909f56bfc062723c751e8b465ee728b)
Start importing Assets/CasualGameSounds/DM-CGS-37.wav using Guid(a931da70ee74947d5a047de583170ade) Importer(815301076,1909f56bfc062723c751e8b465ee728b)  -> (artifact id: '7d1d1f205000a71f0df53f68dc05f40d') in 0.013146 seconds 
Number of updated asset objects reloaded before import = 0
Number of asset objects unloaded after import = 2
========================================================================
Received Import Request.
  Time since last request: 0.002593 seconds.
  path: Assets/CasualGameSounds/DM-CGS-40.wav
  artifactKey: Guid(0994c12e202f342459a4212e7287f7e8) Importer(815301076,1909f56bfc062723c751e8b465ee728b)
Start importing Assets/CasualGameSounds/DM-CGS-40.wav using Guid(0994c12e202f342459a4212e7287f7e8) Importer(815301076,1909f56bfc062723c751e8b465ee728b)  -> (artifact id: '7eb051d311119cfe26526efd65252e50') in 0.014364 seconds 
Number of updated asset objects reloaded before import = 0
Number of asset objects unloaded after import = 2
========================================================================
Received Import Request.
  Time since last request: 2.223744 seconds.
  path: Assets/CasualGameSounds/DM-CGS-45.wav
  artifactKey: Guid(52320e590bf774734a288886eba557ba) Importer(815301076,1909f56bfc062723c751e8b465ee728b)
Start importing Assets/CasualGameSounds/DM-CGS-45.wav using Guid(52320e590bf774734a288886eba557ba) Importer(815301076,1909f56bfc062723c751e8b465ee728b)  -> (artifact id: '03424461a579518e76dee15be29e8564') in 0.011869 seconds 
Number of updated asset objects reloaded before import = 0
Number of asset objects unloaded after import = 2
========================================================================
Received Import Request.
  Time since last request: 0.006834 seconds.
  path: Assets/CasualGameSounds/DM-CGS-49.wav
  artifactKey: Guid(7bef0064f8567430cac22499c6b93d4f) Importer(815301076,1909f56bfc062723c751e8b465ee728b)
Start importing Assets/CasualGameSounds/DM-CGS-49.wav using Guid(7bef0064f8567430cac22499c6b93d4f) Importer(815301076,1909f56bfc062723c751e8b465ee728b)  -> (artifact id: '326529a03eb01f02ab04437de6d9acf0') in 0.012820 seconds 
Number of updated asset objects reloaded before import = 0
Number of asset objects unloaded after import = 2
========================================================================
Received Import Request.
  Time since last request: 12.366376 seconds.
  path: Assets/Game Sound Solutions - 8 bits Elements/ramdomize/randomize_3.wav
  artifactKey: Guid(1be693917a2954313a6ff5b49e97a7c3) Importer(815301076,1909f56bfc062723c751e8b465ee728b)
Start importing Assets/Game Sound Solutions - 8 bits Elements/ramdomize/randomize_3.wav using Guid(1be693917a2954313a6ff5b49e97a7c3) Importer(815301076,1909f56bfc062723c751e8b465ee728b)  -> (artifact id: '5f3d097473a927ff279f33637e89eefa') in 0.014738 seconds 
Number of updated asset objects reloaded before import = 0
Number of asset objects unloaded after import = 2
========================================================================
Received Import Request.
  Time since last request: 0.009487 seconds.
  path: Assets/Game Sound Solutions - 8 bits Elements/ramdomize/randomize_7.wav
  artifactKey: Guid(b308e7c3c46a4481193a230a3668bee3) Importer(815301076,1909f56bfc062723c751e8b465ee728b)
Start importing Assets/Game Sound Solutions - 8 bits Elements/ramdomize/randomize_7.wav using Guid(b308e7c3c46a4481193a230a3668bee3) Importer(815301076,1909f56bfc062723c751e8b465ee728b)  -> (artifact id: 'd61960c858165d78a5c13184bba74c64') in 0.017610 seconds 
Number of updated asset objects reloaded before import = 0
Number of asset objects unloaded after import = 2
========================================================================
Received Import Request.
  Time since last request: 0.004713 seconds.
  path: Assets/Game Sound Solutions - 8 bits Elements/ramdomize/randomize_11.wav
  artifactKey: Guid(f42e1d35e9b85435fb8cbd9f2394ff3b) Importer(815301076,1909f56bfc062723c751e8b465ee728b)
Start importing Assets/Game Sound Solutions - 8 bits Elements/ramdomize/randomize_11.wav using Guid(f42e1d35e9b85435fb8cbd9f2394ff3b) Importer(815301076,1909f56bfc062723c751e8b465ee728b)  -> (artifact id: 'd0de1a2d27560dbcddd01f467660d40a') in 0.014687 seconds 
Number of updated asset objects reloaded before import = 0
Number of asset objects unloaded after import = 2
========================================================================
Received Import Request.
  Time since last request: 0.008017 seconds.
  path: Assets/Game Sound Solutions - 8 bits Elements/ramdomize/randomize_16.wav
  artifactKey: Guid(89a189986bf624720bbf8f7a6919cb7a) Importer(815301076,1909f56bfc062723c751e8b465ee728b)
Start importing Assets/Game Sound Solutions - 8 bits Elements/ramdomize/randomize_16.wav using Guid(89a189986bf624720bbf8f7a6919cb7a) Importer(815301076,1909f56bfc062723c751e8b465ee728b)  -> (artifact id: 'ed89a44f679e2637fbd69497fa930478') in 0.013701 seconds 
Number of updated asset objects reloaded before import = 0
Number of asset objects unloaded after import = 2
========================================================================
Received Import Request.
  Time since last request: 9.647972 seconds.
  path: Assets/Game Sound Solutions - 8 bits Elements/powerup/powerup_4.wav
  artifactKey: Guid(d728f6de3ab914065b77361018c06cc8) Importer(815301076,1909f56bfc062723c751e8b465ee728b)
Start importing Assets/Game Sound Solutions - 8 bits Elements/powerup/powerup_4.wav using Guid(d728f6de3ab914065b77361018c06cc8) Importer(815301076,1909f56bfc062723c751e8b465ee728b)  -> (artifact id: '5b1c357fd523ee04adf09cca53bea0ef') in 0.016797 seconds 
Number of updated asset objects reloaded before import = 0
Number of asset objects unloaded after import = 2
========================================================================
Received Import Request.
  Time since last request: 0.009520 seconds.
  path: Assets/Game Sound Solutions - 8 bits Elements/powerup/powerup_9.wav
  artifactKey: Guid(39d592abb1ae943778436337fe27c5d6) Importer(815301076,1909f56bfc062723c751e8b465ee728b)
Start importing Assets/Game Sound Solutions - 8 bits Elements/powerup/powerup_9.wav using Guid(39d592abb1ae943778436337fe27c5d6) Importer(815301076,1909f56bfc062723c751e8b465ee728b)  -> (artifact id: '201c322445e420e95369428cb766b2fd') in 0.018243 seconds 
Number of updated asset objects reloaded before import = 0
Number of asset objects unloaded after import = 2
========================================================================
Received Import Request.
  Time since last request: 0.016487 seconds.
  path: Assets/Game Sound Solutions - 8 bits Elements/powerup/powerup_15.wav
  artifactKey: Guid(e7307cc4d04404304a7c695958a2648d) Importer(815301076,1909f56bfc062723c751e8b465ee728b)
Start importing Assets/Game Sound Solutions - 8 bits Elements/powerup/powerup_15.wav using Guid(e7307cc4d04404304a7c695958a2648d) Importer(815301076,1909f56bfc062723c751e8b465ee728b)  -> (artifact id: '90338a0d7ba22aaae495ee2512c9a0b6') in 0.017178 seconds 
Number of updated asset objects reloaded before import = 0
Number of asset objects unloaded after import = 2
========================================================================
Received Import Request.
  Time since last request: 0.003524 seconds.
  path: Assets/Game Sound Solutions - 8 bits Elements/powerup/powerup_19.wav
  artifactKey: Guid(e5d5a739dbb4d4f14ac1b79364078d44) Importer(815301076,1909f56bfc062723c751e8b465ee728b)
Start importing Assets/Game Sound Solutions - 8 bits Elements/powerup/powerup_19.wav using Guid(e5d5a739dbb4d4f14ac1b79364078d44) Importer(815301076,1909f56bfc062723c751e8b465ee728b)  -> (artifact id: '75c2f0f857ed64a4959c37670995f657') in 0.013294 seconds 
Number of updated asset objects reloaded before import = 0
Number of asset objects unloaded after import = 2
========================================================================
Received Import Request.
  Time since last request: 0.008759 seconds.
  path: Assets/Game Sound Solutions - 8 bits Elements/powerup/powerup_23.wav
  artifactKey: Guid(7c82b3d1beef04f8cad66e47504a42a3) Importer(815301076,1909f56bfc062723c751e8b465ee728b)
Start importing Assets/Game Sound Solutions - 8 bits Elements/powerup/powerup_23.wav using Guid(7c82b3d1beef04f8cad66e47504a42a3) Importer(815301076,1909f56bfc062723c751e8b465ee728b)  -> (artifact id: '3f377ac02dd2d40de50be4a0794957f1') in 0.017209 seconds 
Number of updated asset objects reloaded before import = 0
Number of asset objects unloaded after import = 2
========================================================================
Received Import Request.
  Time since last request: 0.002066 seconds.
  path: Assets/Game Sound Solutions - 8 bits Elements/powerup/powerup_27.wav
  artifactKey: Guid(00f8888c0da8849b69fc78a95d44c9d0) Importer(815301076,1909f56bfc062723c751e8b465ee728b)
Start importing Assets/Game Sound Solutions - 8 bits Elements/powerup/powerup_27.wav using Guid(00f8888c0da8849b69fc78a95d44c9d0) Importer(815301076,1909f56bfc062723c751e8b465ee728b)  -> (artifact id: '8a5efff962faa48d113cb73dff602ab2') in 0.017693 seconds 
Number of updated asset objects reloaded before import = 0
Number of asset objects unloaded after import = 2
========================================================================
Received Import Request.
  Time since last request: 0.001489 seconds.
  path: Assets/Game Sound Solutions - 8 bits Elements/powerup/powerup_31.wav
  artifactKey: Guid(26798c096bbd94902aec214eee38ed63) Importer(815301076,1909f56bfc062723c751e8b465ee728b)
Start importing Assets/Game Sound Solutions - 8 bits Elements/powerup/powerup_31.wav using Guid(26798c096bbd94902aec214eee38ed63) Importer(815301076,1909f56bfc062723c751e8b465ee728b)  -> (artifact id: '5dc4e4721c942ba2f2d44a502f0b974c') in 0.013484 seconds 
Number of updated asset objects reloaded before import = 0
Number of asset objects unloaded after import = 2
========================================================================
Received Import Request.
  Time since last request: 14.184096 seconds.
  path: Assets/Game Sound Solutions - 8 bits Elements/OTHER SOUND PACK DEMO/Zombie Voices Demo/zombie_breath_5.wav
  artifactKey: Guid(c0c1f09e949cb49fc9539a9222c566ec) Importer(815301076,1909f56bfc062723c751e8b465ee728b)
Start importing Assets/Game Sound Solutions - 8 bits Elements/OTHER SOUND PACK DEMO/Zombie Voices Demo/zombie_breath_5.wav using Guid(c0c1f09e949cb49fc9539a9222c566ec) Importer(815301076,1909f56bfc062723c751e8b465ee728b)  -> (artifact id: 'e69e85f3e4fa0bdd79dcd20b718a6137') in 0.015242 seconds 
Number of updated asset objects reloaded before import = 0
Number of asset objects unloaded after import = 2
========================================================================
Received Import Request.
  Time since last request: 9.156038 seconds.
  path: Assets/Game Sound Solutions - 8 bits Elements/OTHER SOUND PACK DEMO/Voices Expressions Demo/Cute.wav
  artifactKey: Guid(d2aca4e37dd974d16b7176c5920febbe) Importer(815301076,1909f56bfc062723c751e8b465ee728b)
Start importing Assets/Game Sound Solutions - 8 bits Elements/OTHER SOUND PACK DEMO/Voices Expressions Demo/Cute.wav using Guid(d2aca4e37dd974d16b7176c5920febbe) Importer(815301076,1909f56bfc062723c751e8b465ee728b)  -> (artifact id: '549140d44ccd128609467327017f443f') in 0.012041 seconds 
Number of updated asset objects reloaded before import = 0
Number of asset objects unloaded after import = 2
========================================================================
Received Import Request.
  Time since last request: 0.005908 seconds.
  path: Assets/Game Sound Solutions - 8 bits Elements/OTHER SOUND PACK DEMO/Voices Expressions Demo/Great_2.wav
  artifactKey: Guid(2505e6267cc364d54899ebe66381dac6) Importer(815301076,1909f56bfc062723c751e8b465ee728b)
Start importing Assets/Game Sound Solutions - 8 bits Elements/OTHER SOUND PACK DEMO/Voices Expressions Demo/Great_2.wav using Guid(2505e6267cc364d54899ebe66381dac6) Importer(815301076,1909f56bfc062723c751e8b465ee728b)  -> (artifact id: 'e7b132de865d069f680d3793647a6c38') in 0.014802 seconds 
Number of updated asset objects reloaded before import = 0
Number of asset objects unloaded after import = 2
========================================================================
Received Import Request.
  Time since last request: 0.004310 seconds.
  path: Assets/Game Sound Solutions - 8 bits Elements/OTHER SOUND PACK DEMO/Voices Expressions Demo/Sweet_1.wav
  artifactKey: Guid(a4352fc0dc70b47c0b012b3c9591e296) Importer(815301076,1909f56bfc062723c751e8b465ee728b)
Start importing Assets/Game Sound Solutions - 8 bits Elements/OTHER SOUND PACK DEMO/Voices Expressions Demo/Sweet_1.wav using Guid(a4352fc0dc70b47c0b012b3c9591e296) Importer(815301076,1909f56bfc062723c751e8b465ee728b)  -> (artifact id: '15ff500ed429d451c017ff5168ba5f92') in 0.015742 seconds 
Number of updated asset objects reloaded before import = 0
Number of asset objects unloaded after import = 2
Editor requested this worker to shutdown with reason: Scaling down because of idle timeout
TcpMessagingSession - receive error: operation aborted. errorcode: 995, details: 由于线程退出或应用程序请求，已中止 I/O 操作。
AssetImportWorker is now disconnected from the server
Process exiting
Exiting without the bug reporter. Application will terminate with return code 0