Using pre-set license
Built from '2022.2/staging' branch; Version is '2022.2.6f1 (10bfa6201ced) revision 1097638'; Using compiler version '192829333'; Build Type 'Release'
OS: 'Windows 11  (10.0.22621) 64bit CoreCountrySpecific' Language: 'zh' Physical Memory: 16108 MB
BatchMode: 1, IsHumanControllingUs: 0, StartBugReporterOnCrash: 0, Is64bit: 1, IsPro: 1

COMMAND LINE ARGUMENTS:
D:\unity\2022.2.6f1\Editor\Unity.exe
-adb2
-batchMode
-noUpm
-name
AssetImportWorker0
-projectPath
D:/31263Assessment3-Penghuan/Assessment3
-logFile
Logs/AssetImportWorker0.log
-srvPort
62419
Successfully changed project path to: D:/31263Assessment3-Penghuan/Assessment3
D:/31263Assessment3-Penghuan/Assessment3
[UnityMemory] Configuration Parameters - Can be set up in boot.config
    "memorysetup-bucket-allocator-granularity=16"
    "memorysetup-bucket-allocator-bucket-count=8"
    "memorysetup-bucket-allocator-block-size=33554432"
    "memorysetup-bucket-allocator-block-count=8"
    "memorysetup-main-allocator-block-size=16777216"
    "memorysetup-thread-allocator-block-size=16777216"
    "memorysetup-gfx-main-allocator-block-size=16777216"
    "memorysetup-gfx-thread-allocator-block-size=16777216"
    "memorysetup-cache-allocator-block-size=4194304"
    "memorysetup-typetree-allocator-block-size=2097152"
    "memorysetup-profiler-bucket-allocator-granularity=16"
    "memorysetup-profiler-bucket-allocator-bucket-count=8"
    "memorysetup-profiler-bucket-allocator-block-size=33554432"
    "memorysetup-profiler-bucket-allocator-block-count=8"
    "memorysetup-profiler-allocator-block-size=16777216"
    "memorysetup-profiler-editor-allocator-block-size=1048576"
    "memorysetup-temp-allocator-size-main=16777216"
    "memorysetup-job-temp-allocator-block-size=2097152"
    "memorysetup-job-temp-allocator-block-size-background=1048576"
    "memorysetup-job-temp-allocator-reduction-small-platforms=262144"
    "memorysetup-temp-allocator-size-background-worker=32768"
    "memorysetup-temp-allocator-size-job-worker=262144"
    "memorysetup-temp-allocator-size-preload-manager=33554432"
    "memorysetup-temp-allocator-size-nav-mesh-worker=65536"
    "memorysetup-temp-allocator-size-audio-worker=65536"
    "memorysetup-temp-allocator-size-cloud-worker=32768"
    "memorysetup-temp-allocator-size-gi-baking-worker=262144"
    "memorysetup-temp-allocator-size-gfx=262144"
Player connection [29612] Host "[IP] 192.168.1.100 [Port] 0 [Flags] 2 [Guid] 1055660238 [EditorId] 1055660238 [Version] 1048832 [Id] WindowsEditor(7,ivan0701) [Debug] 1 [PackageName] WindowsEditor [ProjectName] Editor" joined multi-casting on [225.0.0.222:54997]...

Player connection [29612] Host "[IP] 192.168.1.100 [Port] 0 [Flags] 2 [Guid] 1055660238 [EditorId] 1055660238 [Version] 1048832 [Id] WindowsEditor(7,ivan0701) [Debug] 1 [PackageName] WindowsEditor [ProjectName] Editor" joined alternative multi-casting on [225.0.0.222:34997]...

Refreshing native plugins compatible for Editor in 17.86 ms, found 4 plugins.
Preloading 0 native plugins for Editor in 0.00 ms.
Initialize engine version: 2022.2.6f1 (10bfa6201ced)
[Subsystems] Discovering subsystems at path D:/unity/2022.2.6f1/Editor/Data/Resources/UnitySubsystems
[Subsystems] Discovering subsystems at path D:/31263Assessment3-Penghuan/Assessment3/Assets
GfxDevice: creating device client; threaded=0; jobified=0
Direct3D:
    Version:  Direct3D 11.0 [level 11.1]
    Renderer: NVIDIA GeForce RTX 3060 Laptop GPU (ID=0x2560)
    Vendor:   NVIDIA
    VRAM:     6023 MB
    Driver:   31.0.15.1700
Initialize mono
Mono path[0] = 'D:/unity/2022.2.6f1/Editor/Data/Managed'
Mono path[1] = 'D:/unity/2022.2.6f1/Editor/Data/MonoBleedingEdge/lib/mono/unityjit-win32'
Mono config path = 'D:/unity/2022.2.6f1/Editor/Data/MonoBleedingEdge/etc'
Using monoOptions --debugger-agent=transport=dt_socket,embedding=1,server=y,suspend=n,address=127.0.0.1:56000
Begin MonoManager ReloadAssembly
Registering precompiled unity dll's ...
Register platform support module: D:/unity/2022.2.6f1/Editor/Data/PlaybackEngines/WindowsStandaloneSupport/UnityEditor.WindowsStandalone.Extensions.dll
Registered in 0.004373 seconds.
- Loaded All Assemblies, in  0.254 seconds
Native extension for WindowsStandalone target not found
Mono: successfully reloaded assembly
- Finished resetting the current domain, in  0.209 seconds
Domain Reload Profiling:
	ReloadAssembly (155ms)
		BeginReloadAssembly (59ms)
			ExecutionOrderSort (0ms)
			DisableScriptedObjects (0ms)
			BackupInstance (0ms)
			ReleaseScriptingObjects (0ms)
			CreateAndSetChildDomain (1ms)
		LoadAllAssembliesAndSetupDomain (0ms)
			LoadAssemblies (59ms)
			RebuildTransferFunctionScriptingTraits (0ms)
			SetupTypeCache (97ms)
				TypeCache.Initialize (96ms)
					TypeCache.ScanAssembly (95ms)
				ResolveRequiredComponents (0ms)
		FinalizeReload (0ms)
			ReleaseScriptCaches (0ms)
			RebuildScriptCaches (0ms)
			SetupLoadedEditorAssemblies (164ms)
				LogAssemblyErrors (0ms)
				InitializePlatformSupportModulesInManaged (6ms)
				SetLoadedEditorAssemblies (7ms)
				RefreshPlugins (0ms)
				BeforeProcessingInitializeOnLoad (1ms)
				ProcessInitializeOnLoadAttributes (108ms)
				ProcessInitializeOnLoadMethodAttributes (43ms)
				AfterProcessingInitializeOnLoad (0ms)
				EditorAssembliesLoaded (0ms)
			ExecutionOrderSort2 (0ms)
			AwakeInstancesAfterBackupRestoration (0ms)
========================================================================
Worker process is ready to serve import requests
Begin MonoManager ReloadAssembly
Symbol file LoadedFromMemory doesn't match image D:\31263Assessment3-Penghuan\Assessment3\Library\PackageCache\com.unity.visualscripting@1.8.0\Editor\VisualScripting.Core\Dependencies\YamlDotNet\Unity.VisualScripting.YamlDotNet.dll
Symbol file LoadedFromMemory doesn't match image D:\31263Assessment3-Penghuan\Assessment3\Library\PackageCache\com.unity.visualscripting@1.8.0\Editor\VisualScripting.Core\Dependencies\DotNetZip\Unity.VisualScripting.IonicZip.dll
- Loaded All Assemblies, in  0.871 seconds
Refreshing native plugins compatible for Editor in 5.47 ms, found 4 plugins.
Native extension for WindowsStandalone target not found
Mono: successfully reloaded assembly
- Finished resetting the current domain, in  0.527 seconds
Domain Reload Profiling:
	ReloadAssembly (177ms)
		BeginReloadAssembly (109ms)
			ExecutionOrderSort (0ms)
			DisableScriptedObjects (4ms)
			BackupInstance (0ms)
			ReleaseScriptingObjects (0ms)
			CreateAndSetChildDomain (19ms)
		LoadAllAssembliesAndSetupDomain (694ms)
			LoadAssemblies (345ms)
			RebuildTransferFunctionScriptingTraits (0ms)
			SetupTypeCache (405ms)
				TypeCache.Initialize (220ms)
					TypeCache.ScanAssembly (217ms)
				ResolveRequiredComponents (6ms)
		FinalizeReload (0ms)
			ReleaseScriptCaches (0ms)
			RebuildScriptCaches (0ms)
			SetupLoadedEditorAssemblies (358ms)
				LogAssemblyErrors (0ms)
				InitializePlatformSupportModulesInManaged (4ms)
				SetLoadedEditorAssemblies (7ms)
				RefreshPlugins (0ms)
				BeforeProcessingInitializeOnLoad (60ms)
				ProcessInitializeOnLoadAttributes (245ms)
				ProcessInitializeOnLoadMethodAttributes (38ms)
				AfterProcessingInitializeOnLoad (3ms)
				EditorAssembliesLoaded (0ms)
			ExecutionOrderSort2 (0ms)
			AwakeInstancesAfterBackupRestoration (12ms)
Launched and connected shader compiler UnityShaderCompiler.exe after 0.07 seconds
Refreshing native plugins compatible for Editor in 5.91 ms, found 4 plugins.
Preloading 0 native plugins for Editor in 0.00 ms.
Unloading 3983 Unused Serialized files (Serialized files now loaded: 0)
Unloading 37 unused Assets / (70.3 KB). Loaded Objects now: 4443.
Memory consumption went from 0.60 GB to 0.60 GB.
Total: 3.045600 ms (FindLiveObjects: 0.350700 ms CreateObjectMapping: 0.127800 ms MarkObjects: 2.454000 ms  DeleteObjects: 0.111700 ms)

AssetImportParameters requested are different than current active one (requested -> active):
  custom:container-demuxer-ogg: 62fdf1f143b41e24485cea50d1cbac27 -> 
  custom:video-codec-MediaFoundation-h265: 746d11721c4dcdbdad8f713fa42b33f4 -> 
  custom:video-decoder-ogg-theora: a1e56fd34408186e4bbccfd4996cb3dc -> 
  custom:framework-win-MediaFoundation: 216162199b28c13a410421893ffa2e32 -> 
  custom:container-demuxer-webm: 4f35f7cbe854078d1ac9338744f61a02 -> 
  custom:container-muxer-webm: aa71ff27fc2769a1b78a27578f13a17b -> 
  custom:video-decoder-webm-vp8: 9c59270c3fd7afecdb556c50c9e8de78 -> 
  custom:AudioImporter_EditorPlatform: d09bf68614088b80899f8185d706f6e7 -> 
  custom:video-encoder-webm-vp8: eb34c28f22e8b96e1ab97ce403110664 -> 
  custom:audio-decoder-ogg-vorbis: bf7c407c2cedff20999df2af8eb42d56 -> 
  custom:audio-encoder-webm-vorbis: bf7c407c2cedff20999df2af8eb42d56 -> 
========================================================================
Received Import Request.
  Time since last request: 33348.818088 seconds.
  path: Packages/com.unity.2d.spriteshape/Editor/ObjectMenuCreation/DefaultAssets/Sprite Shapes/Open Sprite Shape.prefab
  artifactKey: Guid(86ae7de409eb54f619fb1328e4d42480) Importer(815301076,1909f56bfc062723c751e8b465ee728b)
Start importing Packages/com.unity.2d.spriteshape/Editor/ObjectMenuCreation/DefaultAssets/Sprite Shapes/Open Sprite Shape.prefab using Guid(86ae7de409eb54f619fb1328e4d42480) Importer(815301076,1909f56bfc062723c751e8b465ee728b)  -> (artifact id: 'b2b6ef2faa58aa2f8c21f4c75250cd7a') in 0.131118 seconds 
Number of updated asset objects reloaded before import = 0
Number of asset objects unloaded after import = 14
========================================================================
Received Import Request.
  Time since last request: 0.000038 seconds.
  path: Packages/com.unity.2d.spriteshape/Editor/ObjectMenuCreation/DefaultAssets/Sprite Shapes/Closed Sprite Shape.prefab
  artifactKey: Guid(c0583b4e855c74b8c82e7b9b5efb5ce9) Importer(815301076,1909f56bfc062723c751e8b465ee728b)
Start importing Packages/com.unity.2d.spriteshape/Editor/ObjectMenuCreation/DefaultAssets/Sprite Shapes/Closed Sprite Shape.prefab using Guid(c0583b4e855c74b8c82e7b9b5efb5ce9) Importer(815301076,1909f56bfc062723c751e8b465ee728b)  -> (artifact id: 'ed7127cc817b73ee6b570dfa7fef6ed9') in 0.018708 seconds 
Number of updated asset objects reloaded before import = 0
Number of asset objects unloaded after import = 14
========================================================================
Received Import Request.
  Time since last request: 0.000016 seconds.
  path: Packages/com.unity.2d.psdimporter/Editor/Assets/pivot.fbx
  artifactKey: Guid(1c7762c9bce5f4ab7b060decb9e3002d) Importer(815301076,1909f56bfc062723c751e8b465ee728b)
Start importing Packages/com.unity.2d.psdimporter/Editor/Assets/pivot.fbx using Guid(1c7762c9bce5f4ab7b060decb9e3002d) Importer(815301076,1909f56bfc062723c751e8b465ee728b)  -> (artifact id: '8e4fe10f4f9329e7badb0f36312b7cfc') in 0.218815 seconds 
Number of updated asset objects reloaded before import = 0
Number of asset objects unloaded after import = 10
========================================================================
Received Import Request.
  Time since last request: 612.233344 seconds.
  path: Assets/Audio
  artifactKey: Guid(ef2b9f1c11010d64da04728d2049ca3c) Importer(815301076,1909f56bfc062723c751e8b465ee728b)
Start importing Assets/Audio using Guid(ef2b9f1c11010d64da04728d2049ca3c) Importer(815301076,1909f56bfc062723c751e8b465ee728b)  -> (artifact id: '5bacc3e48c4c914b45330edd62500eb4') in 0.000755 seconds 
Number of updated asset objects reloaded before import = 0
Number of asset objects unloaded after import = 0
========================================================================
Received Import Request.
  Time since last request: 12.056285 seconds.
  path: Assets/Sprites
  artifactKey: Guid(92989191bf6f08d4dadc33b069165468) Importer(815301076,1909f56bfc062723c751e8b465ee728b)
Start importing Assets/Sprites using Guid(92989191bf6f08d4dadc33b069165468) Importer(815301076,1909f56bfc062723c751e8b465ee728b)  -> (artifact id: 'd73faa7d40c6e4fb086064668c60dd17') in 0.000446 seconds 
Number of updated asset objects reloaded before import = 0
Number of asset objects unloaded after import = 0
========================================================================
Received Import Request.
  Time since last request: 8.068078 seconds.
  path: Assets/Scripts
  artifactKey: Guid(a6c192e3ca4f26843a8c026adfe89712) Importer(815301076,1909f56bfc062723c751e8b465ee728b)
Start importing Assets/Scripts using Guid(a6c192e3ca4f26843a8c026adfe89712) Importer(815301076,1909f56bfc062723c751e8b465ee728b)  -> (artifact id: '3060cdd83f287e0222e81a94c24b6e1d') in 0.001002 seconds 
Number of updated asset objects reloaded before import = 0
Number of asset objects unloaded after import = 0
========================================================================
Received Import Request.
  Time since last request: 77.869529 seconds.
  path: Assets/Audio Clips
  artifactKey: Guid(ef2b9f1c11010d64da04728d2049ca3c) Importer(815301076,1909f56bfc062723c751e8b465ee728b)
Start importing Assets/Audio Clips using Guid(ef2b9f1c11010d64da04728d2049ca3c) Importer(815301076,1909f56bfc062723c751e8b465ee728b)  -> (artifact id: '0286d6a0443f4dfa4d7279f5672c157a') in 0.000584 seconds 
Number of updated asset objects reloaded before import = 0
Number of asset objects unloaded after import = 0
========================================================================
Received Import Request.
  Time since last request: 103790.575221 seconds.
  path: Assets/ArcadeGameBGM#3/ArcadeGameBGM#3_Full.wav
  artifactKey: Guid(8184d0b9c17cfda4bafa3be04f59dcfb) Importer(815301076,1909f56bfc062723c751e8b465ee728b)
Start importing Assets/ArcadeGameBGM#3/ArcadeGameBGM#3_Full.wav using Guid(8184d0b9c17cfda4bafa3be04f59dcfb) Importer(815301076,1909f56bfc062723c751e8b465ee728b)  -> (artifact id: 'a1ce595f36eb9ff8d1d3e2e29ee329f1') in 0.315005 seconds 
Number of updated asset objects reloaded before import = 0
Number of asset objects unloaded after import = 2
========================================================================
Received Import Request.
  Time since last request: 38.157163 seconds.
  path: Assets/ArcadeGameBGM#17/ArcadeGameBGM#17.wav
  artifactKey: Guid(2cebe5ef59f447d4d803665e3ecf1a2f) Importer(815301076,1909f56bfc062723c751e8b465ee728b)
Start importing Assets/ArcadeGameBGM#17/ArcadeGameBGM#17.wav using Guid(2cebe5ef59f447d4d803665e3ecf1a2f) Importer(815301076,1909f56bfc062723c751e8b465ee728b)  -> (artifact id: 'fe4081dad572b1d53125562df6bc5bdf') in 0.019476 seconds 
Number of updated asset objects reloaded before import = 0
Number of asset objects unloaded after import = 2
========================================================================
Received Import Request.
  Time since last request: 94.048395 seconds.
  path: Assets/ArcadeGameBGM#17/GameIntro.wav
  artifactKey: Guid(2cebe5ef59f447d4d803665e3ecf1a2f) Importer(815301076,1909f56bfc062723c751e8b465ee728b)
Start importing Assets/ArcadeGameBGM#17/GameIntro.wav using Guid(2cebe5ef59f447d4d803665e3ecf1a2f) Importer(815301076,1909f56bfc062723c751e8b465ee728b)  -> (artifact id: '4450bf2bd5902e53dc8a02f7a113c7f0') in 0.019807 seconds 
Number of updated asset objects reloaded before import = 0
Number of asset objects unloaded after import = 2
========================================================================
Received Import Request.
  Time since last request: 5.280798 seconds.
  path: Assets/ArcadeGameBGM#17/ReadMe.txt
  artifactKey: Guid(87785a74504f0ec43bd5b2781eb3dc0f) Importer(815301076,1909f56bfc062723c751e8b465ee728b)
Start importing Assets/ArcadeGameBGM#17/ReadMe.txt using Guid(87785a74504f0ec43bd5b2781eb3dc0f) Importer(815301076,1909f56bfc062723c751e8b465ee728b)  -> (artifact id: '743221b44a2c2ddeb7d6eea1d7f930c8') in 0.001121 seconds 
Number of updated asset objects reloaded before import = 0
Number of asset objects unloaded after import = 1
========================================================================
Received Import Request.
  Time since last request: 16.025147 seconds.
  path: Assets/Casual SoundFX Pack/Documentation
  artifactKey: Guid(55b58f969a310194091b0ae7971d8c9a) Importer(815301076,1909f56bfc062723c751e8b465ee728b)
Start importing Assets/Casual SoundFX Pack/Documentation using Guid(55b58f969a310194091b0ae7971d8c9a) Importer(815301076,1909f56bfc062723c751e8b465ee728b)  -> (artifact id: '99faac517d29f72ccf527cedba6e1849') in 0.000481 seconds 
Number of updated asset objects reloaded before import = 0
Number of asset objects unloaded after import = 0
========================================================================
Received Import Request.
  Time since last request: 0.414746 seconds.
  path: Assets/Casual SoundFX Pack/Sounds
  artifactKey: Guid(e21b2eaccae16ca4a882e969e2f2248d) Importer(815301076,1909f56bfc062723c751e8b465ee728b)
Start importing Assets/Casual SoundFX Pack/Sounds using Guid(e21b2eaccae16ca4a882e969e2f2248d) Importer(815301076,1909f56bfc062723c751e8b465ee728b)  -> (artifact id: 'f06aa062bff5c9181ab4fc7a7b7864b3') in 0.000411 seconds 
Number of updated asset objects reloaded before import = 0
Number of asset objects unloaded after import = 0
========================================================================
Received Import Request.
  Time since last request: 0.165396 seconds.
  path: Assets/Casual SoundFX Pack/Sounds/GameOver.wav
  artifactKey: Guid(1d2f348735857f047b7a5defd60d930a) Importer(815301076,1909f56bfc062723c751e8b465ee728b)
Start importing Assets/Casual SoundFX Pack/Sounds/GameOver.wav using Guid(1d2f348735857f047b7a5defd60d930a) Importer(815301076,1909f56bfc062723c751e8b465ee728b)  -> (artifact id: '170fbbebf517d27c095863ebbe1f5036') in 0.017554 seconds 
Number of updated asset objects reloaded before import = 0
Number of asset objects unloaded after import = 2
========================================================================
Received Import Request.
  Time since last request: 0.000019 seconds.
  path: Assets/Casual SoundFX Pack/Sounds/Interface Positive Button.wav
  artifactKey: Guid(beb5b46fe33edf148a0daa802a386bd9) Importer(815301076,1909f56bfc062723c751e8b465ee728b)
Start importing Assets/Casual SoundFX Pack/Sounds/Interface Positive Button.wav using Guid(beb5b46fe33edf148a0daa802a386bd9) Importer(815301076,1909f56bfc062723c751e8b465ee728b)  -> (artifact id: '7f00d5392ebf9ce780d9b90daa9fbae4') in 0.022318 seconds 
Number of updated asset objects reloaded before import = 0
Number of asset objects unloaded after import = 2
========================================================================
Received Import Request.
  Time since last request: 0.001074 seconds.
  path: Assets/Casual SoundFX Pack/Sounds/Negative.wav
  artifactKey: Guid(c6b596fd07a14a64b89285b6f079b167) Importer(815301076,1909f56bfc062723c751e8b465ee728b)
Start importing Assets/Casual SoundFX Pack/Sounds/Negative.wav using Guid(c6b596fd07a14a64b89285b6f079b167) Importer(815301076,1909f56bfc062723c751e8b465ee728b)  -> (artifact id: '7827ed30666a0c7e32c2278c664fd2e1') in 0.017323 seconds 
Number of updated asset objects reloaded before import = 0
Number of asset objects unloaded after import = 2
========================================================================
Received Import Request.
  Time since last request: 0.000015 seconds.
  path: Assets/Casual SoundFX Pack/Sounds/Pickup Holy.wav
  artifactKey: Guid(13b481262ca11bc4cbfa819b6dfe28cc) Importer(815301076,1909f56bfc062723c751e8b465ee728b)
Start importing Assets/Casual SoundFX Pack/Sounds/Pickup Holy.wav using Guid(13b481262ca11bc4cbfa819b6dfe28cc) Importer(815301076,1909f56bfc062723c751e8b465ee728b)  -> (artifact id: 'f491c72c4dc4fab44378f26618e5dc2d') in 0.018172 seconds 
Number of updated asset objects reloaded before import = 0
Number of asset objects unloaded after import = 2
========================================================================
Received Import Request.
  Time since last request: 0.004751 seconds.
  path: Assets/Casual SoundFX Pack/Sounds/Positive Holy1.wav
  artifactKey: Guid(d18a72499ba58dd40a0e379085d24c94) Importer(815301076,1909f56bfc062723c751e8b465ee728b)
Start importing Assets/Casual SoundFX Pack/Sounds/Positive Holy1.wav using Guid(d18a72499ba58dd40a0e379085d24c94) Importer(815301076,1909f56bfc062723c751e8b465ee728b)  -> (artifact id: 'fc57983424d4505f4db68e58f960c874') in 0.019043 seconds 
Number of updated asset objects reloaded before import = 0
Number of asset objects unloaded after import = 2
========================================================================
Received Import Request.
  Time since last request: 0.007568 seconds.
  path: Assets/Casual SoundFX Pack/Sounds/Tribal Drum.wav
  artifactKey: Guid(ed52cca5993ec244ca29364a986d31be) Importer(815301076,1909f56bfc062723c751e8b465ee728b)
Start importing Assets/Casual SoundFX Pack/Sounds/Tribal Drum.wav using Guid(ed52cca5993ec244ca29364a986d31be) Importer(815301076,1909f56bfc062723c751e8b465ee728b)  -> (artifact id: '1beba3ceb2d3ee6a2bd4c198fffa2771') in 0.020594 seconds 
Number of updated asset objects reloaded before import = 0
Number of asset objects unloaded after import = 2
========================================================================
Received Import Request.
  Time since last request: 0.000112 seconds.
  path: Assets/Casual SoundFX Pack/Sounds/Positive Holy2.wav
  artifactKey: Guid(7463e5e78bb6baa4b8caeec3645d5ae7) Importer(815301076,1909f56bfc062723c751e8b465ee728b)
Start importing Assets/Casual SoundFX Pack/Sounds/Positive Holy2.wav using Guid(7463e5e78bb6baa4b8caeec3645d5ae7) Importer(815301076,1909f56bfc062723c751e8b465ee728b)  -> (artifact id: '6bf1483bb396aba0e3dc39dd23748099') in 0.011434 seconds 
Number of updated asset objects reloaded before import = 0
Number of asset objects unloaded after import = 2
========================================================================
Received Import Request.
  Time since last request: 0.000020 seconds.
  path: Assets/Casual SoundFX Pack/Sounds/Victory SoundFX5.wav
  artifactKey: Guid(804a86dc05a8829408078dbb2ce2fc57) Importer(815301076,1909f56bfc062723c751e8b465ee728b)
Start importing Assets/Casual SoundFX Pack/Sounds/Victory SoundFX5.wav using Guid(804a86dc05a8829408078dbb2ce2fc57) Importer(815301076,1909f56bfc062723c751e8b465ee728b)  -> (artifact id: 'c387604ae62f8e16d734b46eb60dbc45') in 0.016167 seconds 
Number of updated asset objects reloaded before import = 0
Number of asset objects unloaded after import = 2
========================================================================
Received Import Request.
  Time since last request: 0.000015 seconds.
  path: Assets/Casual SoundFX Pack/Sounds/Victory SoundFX3.wav
  artifactKey: Guid(5877f21220a782e4e9b636f72ed1f5f3) Importer(815301076,1909f56bfc062723c751e8b465ee728b)
Start importing Assets/Casual SoundFX Pack/Sounds/Victory SoundFX3.wav using Guid(5877f21220a782e4e9b636f72ed1f5f3) Importer(815301076,1909f56bfc062723c751e8b465ee728b)  -> (artifact id: '59cb03ea7a3428c24f80ec6ee8f8af09') in 0.013958 seconds 
Number of updated asset objects reloaded before import = 0
Number of asset objects unloaded after import = 2
========================================================================
Received Import Request.
  Time since last request: 0.000017 seconds.
  path: Assets/Casual SoundFX Pack/Sounds/Victory SoundFX1.wav
  artifactKey: Guid(3830029b89ea7a04992156c6adbc327c) Importer(815301076,1909f56bfc062723c751e8b465ee728b)
Start importing Assets/Casual SoundFX Pack/Sounds/Victory SoundFX1.wav using Guid(3830029b89ea7a04992156c6adbc327c) Importer(815301076,1909f56bfc062723c751e8b465ee728b)  -> (artifact id: '65e5e96fbf48e940ef4ed2ee84f089f4') in 0.016384 seconds 
Number of updated asset objects reloaded before import = 0
Number of asset objects unloaded after import = 2
========================================================================
Received Import Request.
  Time since last request: 0.000142 seconds.
  path: Assets/Casual SoundFX Pack/Sounds/Pickup Soft.wav
  artifactKey: Guid(c952c74dd0dfb5c44b632b0c5564c936) Importer(815301076,1909f56bfc062723c751e8b465ee728b)
Start importing Assets/Casual SoundFX Pack/Sounds/Pickup Soft.wav using Guid(c952c74dd0dfb5c44b632b0c5564c936) Importer(815301076,1909f56bfc062723c751e8b465ee728b)  -> (artifact id: '6eaa692fd8a7c0313adfc2f44b42b1b0') in 0.013914 seconds 
Number of updated asset objects reloaded before import = 0
Number of asset objects unloaded after import = 2
Editor requested this worker to shutdown with reason: Scaling down because of idle timeout
TcpMessagingSession - receive error: operation aborted. errorcode: 995, details: 由于线程退出或应用程序请求，已中止 I/O 操作。
AssetImportWorker is now disconnected from the server
Process exiting
Exiting without the bug reporter. Application will terminate with return code 0